<?xml version="1.0" encoding="UTF-8" ?>
<testsuite tests="1" failures="0" name="com.jadson.dev.tarefas.repository.ProjectRepositoryTest" time="1.911" errors="1" skipped="0">
  <properties>
    <property name="java.runtime.name" value="Java(TM) SE Runtime Environment"/>
    <property name="sun.boot.library.path" value="C:\Program Files\Java\jdk1.8.0_141\jre\bin"/>
    <property name="java.vm.version" value="25.141-b15"/>
    <property name="java.vm.vendor" value="Oracle Corporation"/>
    <property name="maven.multiModuleProjectDirectory" value="C:\Users\bioja\eclipse-workspace\tarefas"/>
    <property name="java.vendor.url" value="http://java.oracle.com/"/>
    <property name="path.separator" value=";"/>
    <property name="guice.disable.misplaced.annotation.check" value="true"/>
    <property name="java.vm.name" value="Java HotSpot(TM) 64-Bit Server VM"/>
    <property name="file.encoding.pkg" value="sun.io"/>
    <property name="user.script" value=""/>
    <property name="user.country" value="BR"/>
    <property name="sun.java.launcher" value="SUN_STANDARD"/>
    <property name="sun.os.patch.level" value=""/>
    <property name="java.vm.specification.name" value="Java Virtual Machine Specification"/>
    <property name="user.dir" value="C:\Users\bioja\eclipse-workspace\tarefas"/>
    <property name="java.runtime.version" value="1.8.0_141-b15"/>
    <property name="java.awt.graphicsenv" value="sun.awt.Win32GraphicsEnvironment"/>
    <property name="java.endorsed.dirs" value="C:\Program Files\Java\jdk1.8.0_141\jre\lib\endorsed"/>
    <property name="os.arch" value="amd64"/>
    <property name="java.io.tmpdir" value="C:\Users\bioja\AppData\Local\Temp\"/>
    <property name="line.separator" value="
"/>
    <property name="java.vm.specification.vendor" value="Oracle Corporation"/>
    <property name="user.variant" value=""/>
    <property name="os.name" value="Windows 10"/>
    <property name="classworlds.conf" value="C:\Users\bioja\eclipse-workspace\.metadata\.plugins\org.eclipse.m2e.launching\launches\m2conf7100457391825241698.tmp"/>
    <property name="sun.jnu.encoding" value="Cp1252"/>
    <property name="java.library.path" value="C:\Program Files\Java\jdk1.8.0_141\bin;C:\WINDOWS\Sun\Java\bin;C:\WINDOWS\system32;C:\WINDOWS;C:/Program Files/Java/jdk-11.0.5/bin/server;C:/Program Files/Java/jdk-11.0.5/bin;C:\Program Files (x86)\Common Files\Oracle\Java\javapath;C:\ProgramData\Oracle\Java\javapath;C:\WINDOWS\system32;C:\WINDOWS;C:\WINDOWS\System32\Wbem;C:\WINDOWS\System32\WindowsPowerShell\v1.0\;C:\WINDOWS\System32\OpenSSH\;C:\Users\bioja\AppData\Local\Android\Sdk\platforms;C:\Users\bioja\AppData\Local\Android\Sdk\platform-tools;C:\Program Files\Java\jdk-11.0.5\bin\bin;C:\Program Files\Git\cmd;C:\Program Files\nodejs\;C:\Users\bioja\AppData\Local\Programs\Python\Python37\Scripts\;C:\Users\bioja\AppData\Local\Programs\Python\Python37\;C:\Users\bioja\AppData\Local\Microsoft\WindowsApps;C:\Users\bioja\AppData\Local\Programs\Microsoft VS Code\bin;C:\Users\bioja\AppData\Roaming\npm;C:\Users\bioja\AppData\Local\GitHubDesktop\bin;C:\Users\bioja\Desktop;;."/>
    <property name="java.specification.name" value="Java Platform API Specification"/>
    <property name="java.class.version" value="52.0"/>
    <property name="sun.management.compiler" value="HotSpot 64-Bit Tiered Compilers"/>
    <property name="os.version" value="10.0"/>
    <property name="user.home" value="C:\Users\bioja"/>
    <property name="user.timezone" value="America/Sao_Paulo"/>
    <property name="java.awt.printerjob" value="sun.awt.windows.WPrinterJob"/>
    <property name="java.specification.version" value="1.8"/>
    <property name="file.encoding" value="Cp1252"/>
    <property name="user.name" value="bioja"/>
    <property name="java.class.path" value="C:\Users\bioja\.p2\pool\plugins\org.eclipse.m2e.maven.runtime_1.18.0.20210603-1206\jars\plexus-classworlds-2.6.0.jar"/>
    <property name="java.vm.specification.version" value="1.8"/>
    <property name="sun.arch.data.model" value="64"/>
    <property name="java.home" value="C:\Program Files\Java\jdk1.8.0_141\jre"/>
    <property name="sun.java.command" value="org.codehaus.plexus.classworlds.launcher.Launcher -B clean install"/>
    <property name="java.specification.vendor" value="Oracle Corporation"/>
    <property name="user.language" value="pt"/>
    <property name="awt.toolkit" value="sun.awt.windows.WToolkit"/>
    <property name="java.vm.info" value="mixed mode"/>
    <property name="java.version" value="1.8.0_141"/>
    <property name="java.ext.dirs" value="C:\Program Files\Java\jdk1.8.0_141\jre\lib\ext;C:\WINDOWS\Sun\Java\lib\ext"/>
    <property name="sun.boot.class.path" value="C:\Program Files\Java\jdk1.8.0_141\jre\lib\resources.jar;C:\Program Files\Java\jdk1.8.0_141\jre\lib\rt.jar;C:\Program Files\Java\jdk1.8.0_141\jre\lib\sunrsasign.jar;C:\Program Files\Java\jdk1.8.0_141\jre\lib\jsse.jar;C:\Program Files\Java\jdk1.8.0_141\jre\lib\jce.jar;C:\Program Files\Java\jdk1.8.0_141\jre\lib\charsets.jar;C:\Program Files\Java\jdk1.8.0_141\jre\lib\jfr.jar;C:\Program Files\Java\jdk1.8.0_141\jre\classes"/>
    <property name="java.vendor" value="Oracle Corporation"/>
    <property name="maven.home" value="C:\Users\bioja\eclipse-workspace\tarefas\EMBEDDED"/>
    <property name="file.separator" value="\"/>
    <property name="java.vendor.url.bug" value="http://bugreport.sun.com/bugreport/"/>
    <property name="sun.cpu.endian" value="little"/>
    <property name="sun.io.unicode.encoding" value="UnicodeLittle"/>
    <property name="sun.desktop" value="windows"/>
    <property name="sun.cpu.isalist" value="amd64"/>
  </properties>
  <testcase classname="com.jadson.dev.tarefas.repository.ProjectRepositoryTest" name="com.jadson.dev.tarefas.repository.ProjectRepositoryTest" time="1.911">
    <error message="Error creating bean with name &apos;userRepository&apos; defined in class path resource [applicationContext.xml]: Cannot create inner bean &apos;GenericJPADAO&apos; of type [com.jadson.dev.tarefas.infrastructure.daos.GenericJPADAO] while setting bean property &apos;dao&apos;; nested exception is org.springframework.beans.factory.CannotLoadBeanClassException: Cannot find class [com.jadson.dev.tarefas.infrastructure.daos.GenericJPADAO] for bean with name &apos;GenericJPADAO&apos; defined in class path resource [applicationContext.xml]; nested exception is java.lang.ClassNotFoundException: com.jadson.dev.tarefas.infrastructure.daos.GenericJPADAO" type="org.springframework.beans.factory.BeanCreationException">org.springframework.beans.factory.BeanCreationException: Error creating bean with name &apos;userRepository&apos; defined in class path resource [applicationContext.xml]: Cannot create inner bean &apos;GenericJPADAO&apos; of type [com.jadson.dev.tarefas.infrastructure.daos.GenericJPADAO] while setting bean property &apos;dao&apos;; nested exception is org.springframework.beans.factory.CannotLoadBeanClassException: Cannot find class [com.jadson.dev.tarefas.infrastructure.daos.GenericJPADAO] for bean with name &apos;GenericJPADAO&apos; defined in class path resource [applicationContext.xml]; nested exception is java.lang.ClassNotFoundException: com.jadson.dev.tarefas.infrastructure.daos.GenericJPADAO
Caused by: org.springframework.beans.factory.CannotLoadBeanClassException: Cannot find class [com.jadson.dev.tarefas.infrastructure.daos.GenericJPADAO] for bean with name &apos;GenericJPADAO&apos; defined in class path resource [applicationContext.xml]; nested exception is java.lang.ClassNotFoundException: com.jadson.dev.tarefas.infrastructure.daos.GenericJPADAO
Caused by: java.lang.ClassNotFoundException: com.jadson.dev.tarefas.infrastructure.daos.GenericJPADAO
	at java.net.URLClassLoader.findClass(URLClassLoader.java:381)
	at java.lang.ClassLoader.loadClass(ClassLoader.java:424)
	at sun.misc.Launcher$AppClassLoader.loadClass(Launcher.java:335)
	at java.lang.ClassLoader.loadClass(ClassLoader.java:357)
	at org.springframework.util.ClassUtils.forName(ClassUtils.java:201)
	at org.springframework.beans.factory.support.AbstractBeanDefinition.resolveBeanClass(AbstractBeanDefinition.java:327)
	at org.springframework.beans.factory.support.AbstractBeanFactory.resolveBeanClass(AbstractBeanFactory.java:1066)
	at org.springframework.beans.factory.support.AbstractAutowireCapableBeanFactory.createBean(AbstractAutowireCapableBeanFactory.java:349)
	at org.springframework.beans.factory.support.BeanDefinitionValueResolver.resolveInnerBean(BeanDefinitionValueResolver.java:215)
	at org.springframework.beans.factory.support.BeanDefinitionValueResolver.resolveValueIfNecessary(BeanDefinitionValueResolver.java:122)
	at org.springframework.beans.factory.support.AbstractAutowireCapableBeanFactory.applyPropertyValues(AbstractAutowireCapableBeanFactory.java:1100)
	at org.springframework.beans.factory.support.AbstractAutowireCapableBeanFactory.populateBean(AbstractAutowireCapableBeanFactory.java:862)
	at org.springframework.beans.factory.support.AbstractAutowireCapableBeanFactory.createBean(AbstractAutowireCapableBeanFactory.java:424)
	at org.springframework.beans.factory.support.AbstractBeanFactory$1.getObject(AbstractBeanFactory.java:251)
	at org.springframework.beans.factory.support.DefaultSingletonBeanRegistry.getSingleton(DefaultSingletonBeanRegistry.java:156)
	at org.springframework.beans.factory.support.AbstractBeanFactory.getBean(AbstractBeanFactory.java:248)
	at org.springframework.beans.factory.support.AbstractBeanFactory.getBean(AbstractBeanFactory.java:160)
	at org.springframework.beans.factory.support.DefaultListableBeanFactory.preInstantiateSingletons(DefaultListableBeanFactory.java:287)
	at org.springframework.context.support.AbstractApplicationContext.refresh(AbstractApplicationContext.java:352)
	at org.springframework.context.support.ClassPathXmlApplicationContext.&lt;init&gt;(ClassPathXmlApplicationContext.java:91)
	at org.springframework.context.support.ClassPathXmlApplicationContext.&lt;init&gt;(ClassPathXmlApplicationContext.java:75)
	at com.jadson.dev.tarefas.repository.ProjectRepositoryTest.prepare(ProjectRepositoryTest.java:30)
	at sun.reflect.NativeMethodAccessorImpl.invoke0(Native Method)
	at sun.reflect.NativeMethodAccessorImpl.invoke(NativeMethodAccessorImpl.java:62)
	at sun.reflect.DelegatingMethodAccessorImpl.invoke(DelegatingMethodAccessorImpl.java:43)
	at java.lang.reflect.Method.invoke(Method.java:498)
	at org.junit.internal.runners.BeforeAndAfterRunner.invokeMethod(BeforeAndAfterRunner.java:74)
	at org.junit.internal.runners.BeforeAndAfterRunner.runBefores(BeforeAndAfterRunner.java:50)
	at org.junit.internal.runners.BeforeAndAfterRunner.runProtected(BeforeAndAfterRunner.java:33)
	at org.junit.internal.runners.TestClassRunner.run(TestClassRunner.java:52)
	at org.apache.maven.surefire.junit4.JUnit4Provider.execute(JUnit4Provider.java:252)
	at org.apache.maven.surefire.junit4.JUnit4Provider.executeTestSet(JUnit4Provider.java:141)
	at org.apache.maven.surefire.junit4.JUnit4Provider.invoke(JUnit4Provider.java:112)
	at sun.reflect.NativeMethodAccessorImpl.invoke0(Native Method)
	at sun.reflect.NativeMethodAccessorImpl.invoke(NativeMethodAccessorImpl.java:62)
	at sun.reflect.DelegatingMethodAccessorImpl.invoke(DelegatingMethodAccessorImpl.java:43)
	at java.lang.reflect.Method.invoke(Method.java:498)
	at org.apache.maven.surefire.util.ReflectionUtils.invokeMethodWithArray(ReflectionUtils.java:189)
	at org.apache.maven.surefire.booter.ProviderFactory$ProviderProxy.invoke(ProviderFactory.java:165)
	at org.apache.maven.surefire.booter.ProviderFactory.invokeProvider(ProviderFactory.java:85)
	at org.apache.maven.surefire.booter.ForkedBooter.runSuitesInProcess(ForkedBooter.java:115)
	at org.apache.maven.surefire.booter.ForkedBooter.main(ForkedBooter.java:75)
</error>
    <system-out>2021-08-30 20:39:45,078 INFO  [Version.java:15] : Hibernate Annotations 3.4.0.GA
2021-08-30 20:39:45,087 INFO  [Environment.java:543] : Hibernate 3.3.0.SP1
2021-08-30 20:39:45,089 INFO  [Environment.java:576] : hibernate.properties not found
2021-08-30 20:39:45,091 INFO  [Environment.java:709] : Bytecode provider name : javassist
2021-08-30 20:39:45,094 INFO  [Environment.java:627] : using JDK 1.4 java.sql.Timestamp handling
2021-08-30 20:39:45,132 INFO  [Version.java:14] : Hibernate Commons Annotations 3.1.0.GA
2021-08-30 20:39:45,133 INFO  [Version.java:16] : Hibernate EntityManager 3.4.0.GA
2021-08-30 20:39:45,144 DEBUG [Ejb3Configuration.java:209] : Look up for persistence unit: tarefas
2021-08-30 20:39:45,183 DEBUG [DTDEntityResolver.java:64] : trying to resolve system-id [http://java.sun.com/xml/ns/persistence/persistence_1_0.xsd]
2021-08-30 20:39:45,184 DEBUG [EJB3DTDEntityResolver.java:49] : recognized EJB3 ORM namespace; attempting to resolve on classpath under org/hibernate/ejb
2021-08-30 20:39:45,184 DEBUG [EJB3DTDEntityResolver.java:58] : located [http://java.sun.com/xml/ns/persistence/persistence_1_0.xsd] in classpath
2021-08-30 20:39:45,206 DEBUG [Ejb3Configuration.java:562] : Detect class: true; detect hbm: true
2021-08-30 20:39:45,211 DEBUG [AbstractJarVisitor.java:116] : Searching mapped entities in jar/par: file:/C:/Users/bioja/eclipse-workspace/tarefas/target/classes/
2021-08-30 20:39:45,214 DEBUG [AbstractJarVisitor.java:162] : Filtering: com.jadson.dev.tarefas.DateConverter
2021-08-30 20:39:45,233 DEBUG [AbstractJarVisitor.java:162] : Filtering: com.jadson.dev.tarefas.domain.Address
2021-08-30 20:39:45,240 DEBUG [AbstractJarVisitor.java:213] : Java element filter matched for com.jadson.dev.tarefas.domain.Address
2021-08-30 20:39:45,242 DEBUG [AbstractJarVisitor.java:162] : Filtering: com.jadson.dev.tarefas.domain.enuns.Status
2021-08-30 20:39:45,244 DEBUG [AbstractJarVisitor.java:162] : Filtering: com.jadson.dev.tarefas.domain.enuns.UserRole
2021-08-30 20:39:45,244 DEBUG [AbstractJarVisitor.java:162] : Filtering: com.jadson.dev.tarefas.domain.Item
2021-08-30 20:39:45,245 DEBUG [AbstractJarVisitor.java:213] : Java element filter matched for com.jadson.dev.tarefas.domain.Item
2021-08-30 20:39:45,246 DEBUG [AbstractJarVisitor.java:162] : Filtering: com.jadson.dev.tarefas.domain.Iteration
2021-08-30 20:39:45,246 DEBUG [AbstractJarVisitor.java:213] : Java element filter matched for com.jadson.dev.tarefas.domain.Iteration
2021-08-30 20:39:45,247 DEBUG [AbstractJarVisitor.java:162] : Filtering: com.jadson.dev.tarefas.domain.Project
2021-08-30 20:39:45,248 DEBUG [AbstractJarVisitor.java:213] : Java element filter matched for com.jadson.dev.tarefas.domain.Project
2021-08-30 20:39:45,248 DEBUG [AbstractJarVisitor.java:162] : Filtering: com.jadson.dev.tarefas.domain.Task
2021-08-30 20:39:45,248 DEBUG [AbstractJarVisitor.java:213] : Java element filter matched for com.jadson.dev.tarefas.domain.Task
2021-08-30 20:39:45,250 DEBUG [AbstractJarVisitor.java:162] : Filtering: com.jadson.dev.tarefas.domain.User
2021-08-30 20:39:45,250 DEBUG [AbstractJarVisitor.java:213] : Java element filter matched for com.jadson.dev.tarefas.domain.User
2021-08-30 20:39:45,251 DEBUG [AbstractJarVisitor.java:162] : Filtering: com.jadson.dev.tarefas.HelloWorldAction
2021-08-30 20:39:45,251 DEBUG [AbstractJarVisitor.java:162] : Filtering: com.jadson.dev.tarefas.IndexAction
2021-08-30 20:39:45,253 DEBUG [AbstractJarVisitor.java:162] : Filtering: com.jadson.dev.tarefas.infrastructure.dao.DAO
2021-08-30 20:39:45,254 DEBUG [AbstractJarVisitor.java:162] : Filtering: com.jadson.dev.tarefas.infrastructure.dao.GenericJPADAO
2021-08-30 20:39:45,256 DEBUG [AbstractJarVisitor.java:162] : Filtering: com.jadson.dev.tarefas.infrastructure.ProjectDecorator
2021-08-30 20:39:45,257 DEBUG [AbstractJarVisitor.java:162] : Filtering: com.jadson.dev.tarefas.infrastructure.UserDecorator
2021-08-30 20:39:45,258 DEBUG [AbstractJarVisitor.java:162] : Filtering: com.jadson.dev.tarefas.repository.ProjectRepository
2021-08-30 20:39:45,260 DEBUG [AbstractJarVisitor.java:162] : Filtering: com.jadson.dev.tarefas.repository.UserRepository
2021-08-30 20:39:45,262 DEBUG [AbstractJarVisitor.java:162] : Filtering: com.jadson.dev.tarefas.view.actions.ProjectAction
2021-08-30 20:39:45,264 DEBUG [AbstractJarVisitor.java:162] : Filtering: com.jadson.dev.tarefas.view.actions.UserAction
2021-08-30 20:39:45,267 DEBUG [Ejb3Configuration.java:562] : Detect class: true; detect hbm: true
2021-08-30 20:39:45,267 DEBUG [Ejb3Configuration.java:158] : Creating Factory: tarefas
2021-08-30 20:39:45,277 DEBUG [AnnotationConfiguration.java:258] : Execute first pass mapping processing
2021-08-30 20:39:45,301 DEBUG [AnnotationConfiguration.java:529] : Process hbm files
2021-08-30 20:39:45,302 DEBUG [AnnotationConfiguration.java:537] : Process annotated classes
2021-08-30 20:39:45,304 INFO  [AnnotationBinder.java:419] : Binding entity from annotated class: com.jadson.dev.tarefas.domain.Project
2021-08-30 20:39:45,315 DEBUG [Ejb3Column.java:161] : Binding column DTYPE. Unique false. Nullable false.
2021-08-30 20:39:45,323 DEBUG [EntityBinder.java:295] : Import with entity name Project
2021-08-30 20:39:45,327 INFO  [EntityBinder.java:422] : Bind entity com.jadson.dev.tarefas.domain.Project on table Project
2021-08-30 20:39:45,330 DEBUG [AnnotationBinder.java:1022] : Processing com.jadson.dev.tarefas.domain.Project property annotation
2021-08-30 20:39:45,338 DEBUG [AnnotationBinder.java:1022] : Processing com.jadson.dev.tarefas.domain.Project field annotation
2021-08-30 20:39:45,343 DEBUG [AnnotationBinder.java:1133] : Processing annotations of com.jadson.dev.tarefas.domain.Project.id
2021-08-30 20:39:45,346 DEBUG [Ejb3Column.java:161] : Binding column id. Unique false. Nullable false.
2021-08-30 20:39:45,346 DEBUG [AnnotationBinder.java:1257] : id is an id
2021-08-30 20:39:45,348 DEBUG [SimpleValueBinder.java:220] : building SimpleValue for id
2021-08-30 20:39:45,349 DEBUG [PropertyBinder.java:131] : Building property id
2021-08-30 20:39:45,351 DEBUG [AnnotationBinder.java:1293] : Bind @Id on id
2021-08-30 20:39:45,351 DEBUG [AnnotationBinder.java:1133] : Processing annotations of com.jadson.dev.tarefas.domain.Project.description
2021-08-30 20:39:45,352 DEBUG [Ejb3Column.java:161] : Binding column description. Unique false. Nullable true.
2021-08-30 20:39:45,353 DEBUG [PropertyBinder.java:110] : binding property description with lazy=false
2021-08-30 20:39:45,353 DEBUG [SimpleValueBinder.java:220] : building SimpleValue for description
2021-08-30 20:39:45,353 DEBUG [PropertyBinder.java:131] : Building property description
2021-08-30 20:39:45,353 DEBUG [AnnotationBinder.java:1133] : Processing annotations of com.jadson.dev.tarefas.domain.Project.iterations
2021-08-30 20:39:45,355 DEBUG [Ejb3Column.java:161] : Binding column null. Unique false. Nullable true.
2021-08-30 20:39:45,355 DEBUG [Ejb3Column.java:161] : Binding column iterations. Unique false. Nullable true.
2021-08-30 20:39:45,356 DEBUG [Ejb3Column.java:161] : Binding column null. Unique false. Nullable true.
2021-08-30 20:39:45,364 DEBUG [Ejb3Column.java:161] : Binding column element. Unique false. Nullable true.
2021-08-30 20:39:45,365 DEBUG [Ejb3Column.java:161] : Binding column mapkey. Unique false. Nullable true.
2021-08-30 20:39:45,365 DEBUG [Ejb3Column.java:161] : Binding column null. Unique false. Nullable true.
2021-08-30 20:39:45,366 DEBUG [Ejb3Column.java:161] : Binding column null. Unique false. Nullable false.
2021-08-30 20:39:45,366 DEBUG [Ejb3Column.java:161] : Binding column null. Unique false. Nullable false.
2021-08-30 20:39:45,367 DEBUG [CollectionBinder.java:312] : Collection role: com.jadson.dev.tarefas.domain.Project.iterations
2021-08-30 20:39:45,369 DEBUG [PropertyBinder.java:131] : Building property iterations
2021-08-30 20:39:45,369 DEBUG [AnnotationBinder.java:1133] : Processing annotations of com.jadson.dev.tarefas.domain.Project.lastDate
2021-08-30 20:39:45,370 DEBUG [Ejb3Column.java:161] : Binding column lastDate. Unique false. Nullable true.
2021-08-30 20:39:45,370 DEBUG [PropertyBinder.java:110] : binding property lastDate with lazy=false
2021-08-30 20:39:45,370 DEBUG [SimpleValueBinder.java:220] : building SimpleValue for lastDate
2021-08-30 20:39:45,370 DEBUG [PropertyBinder.java:131] : Building property lastDate
2021-08-30 20:39:45,371 DEBUG [AnnotationBinder.java:1133] : Processing annotations of com.jadson.dev.tarefas.domain.Project.location
2021-08-30 20:39:45,371 DEBUG [Ejb3Column.java:161] : Binding column location. Unique false. Nullable true.
2021-08-30 20:39:45,371 DEBUG [PropertyBinder.java:110] : binding property location with lazy=false
2021-08-30 20:39:45,371 DEBUG [SimpleValueBinder.java:220] : building SimpleValue for location
2021-08-30 20:39:45,371 DEBUG [PropertyBinder.java:131] : Building property location
2021-08-30 20:39:45,371 DEBUG [AnnotationBinder.java:1133] : Processing annotations of com.jadson.dev.tarefas.domain.Project.name
2021-08-30 20:39:45,372 DEBUG [Ejb3Column.java:161] : Binding column name. Unique false. Nullable true.
2021-08-30 20:39:45,372 DEBUG [PropertyBinder.java:110] : binding property name with lazy=false
2021-08-30 20:39:45,372 DEBUG [SimpleValueBinder.java:220] : building SimpleValue for name
2021-08-30 20:39:45,372 DEBUG [PropertyBinder.java:131] : Building property name
2021-08-30 20:39:45,374 INFO  [AnnotationBinder.java:419] : Binding entity from annotated class: com.jadson.dev.tarefas.domain.Iteration
2021-08-30 20:39:45,374 INFO  [QueryBinder.java:64] : Binding Named query: Iteration.getLastId =&gt; SELECT i FROM Iteration i where i.id = (select MAX(i.id) from Iteration i)
2021-08-30 20:39:45,375 DEBUG [Ejb3Column.java:161] : Binding column DTYPE. Unique false. Nullable false.
2021-08-30 20:39:45,375 DEBUG [EntityBinder.java:295] : Import with entity name Iteration
2021-08-30 20:39:45,375 INFO  [EntityBinder.java:422] : Bind entity com.jadson.dev.tarefas.domain.Iteration on table Iteration
2021-08-30 20:39:45,375 DEBUG [AnnotationBinder.java:1022] : Processing com.jadson.dev.tarefas.domain.Iteration property annotation
2021-08-30 20:39:45,376 DEBUG [AnnotationBinder.java:1022] : Processing com.jadson.dev.tarefas.domain.Iteration field annotation
2021-08-30 20:39:45,380 DEBUG [AnnotationBinder.java:1133] : Processing annotations of com.jadson.dev.tarefas.domain.Iteration.id
2021-08-30 20:39:45,380 DEBUG [Ejb3Column.java:161] : Binding column id. Unique false. Nullable false.
2021-08-30 20:39:45,380 DEBUG [AnnotationBinder.java:1257] : id is an id
2021-08-30 20:39:45,381 DEBUG [SimpleValueBinder.java:220] : building SimpleValue for id
2021-08-30 20:39:45,381 DEBUG [PropertyBinder.java:131] : Building property id
2021-08-30 20:39:45,381 DEBUG [AnnotationBinder.java:1293] : Bind @Id on id
2021-08-30 20:39:45,381 DEBUG [AnnotationBinder.java:1133] : Processing annotations of com.jadson.dev.tarefas.domain.Iteration.endDate
2021-08-30 20:39:45,381 DEBUG [Ejb3Column.java:161] : Binding column endDate. Unique false. Nullable false.
2021-08-30 20:39:45,382 DEBUG [PropertyBinder.java:110] : binding property endDate with lazy=false
2021-08-30 20:39:45,382 DEBUG [SimpleValueBinder.java:220] : building SimpleValue for endDate
2021-08-30 20:39:45,382 DEBUG [PropertyBinder.java:131] : Building property endDate
2021-08-30 20:39:45,382 DEBUG [AnnotationBinder.java:1133] : Processing annotations of com.jadson.dev.tarefas.domain.Iteration.itens
2021-08-30 20:39:45,382 DEBUG [Ejb3Column.java:161] : Binding column null. Unique false. Nullable true.
2021-08-30 20:39:45,383 DEBUG [Ejb3Column.java:161] : Binding column itens. Unique false. Nullable true.
2021-08-30 20:39:45,383 DEBUG [Ejb3Column.java:161] : Binding column null. Unique false. Nullable true.
2021-08-30 20:39:45,383 DEBUG [Ejb3Column.java:161] : Binding column element. Unique false. Nullable true.
2021-08-30 20:39:45,383 DEBUG [Ejb3Column.java:161] : Binding column mapkey. Unique false. Nullable true.
2021-08-30 20:39:45,384 DEBUG [Ejb3Column.java:161] : Binding column null. Unique false. Nullable true.
2021-08-30 20:39:45,384 DEBUG [Ejb3Column.java:161] : Binding column null. Unique false. Nullable false.
2021-08-30 20:39:45,384 DEBUG [Ejb3Column.java:161] : Binding column null. Unique false. Nullable false.
2021-08-30 20:39:45,384 DEBUG [CollectionBinder.java:312] : Collection role: com.jadson.dev.tarefas.domain.Iteration.itens
2021-08-30 20:39:45,384 DEBUG [PropertyBinder.java:131] : Building property itens
2021-08-30 20:39:45,385 DEBUG [AnnotationBinder.java:1133] : Processing annotations of com.jadson.dev.tarefas.domain.Iteration.name
2021-08-30 20:39:45,385 DEBUG [Ejb3Column.java:161] : Binding column name. Unique false. Nullable true.
2021-08-30 20:39:45,385 DEBUG [PropertyBinder.java:110] : binding property name with lazy=false
2021-08-30 20:39:45,385 DEBUG [SimpleValueBinder.java:220] : building SimpleValue for name
2021-08-30 20:39:45,385 DEBUG [PropertyBinder.java:131] : Building property name
2021-08-30 20:39:45,386 DEBUG [AnnotationBinder.java:1133] : Processing annotations of com.jadson.dev.tarefas.domain.Iteration.project
2021-08-30 20:39:45,386 DEBUG [Ejb3Column.java:161] : Binding column projectId. Unique false. Nullable true.
2021-08-30 20:39:45,386 DEBUG [Ejb3Column.java:161] : Binding column project. Unique false. Nullable true.
2021-08-30 20:39:45,387 DEBUG [PropertyBinder.java:131] : Building property project
2021-08-30 20:39:45,388 DEBUG [AnnotationBinder.java:1133] : Processing annotations of com.jadson.dev.tarefas.domain.Iteration.startDate
2021-08-30 20:39:45,388 DEBUG [Ejb3Column.java:161] : Binding column startDate. Unique false. Nullable false.
2021-08-30 20:39:45,388 DEBUG [PropertyBinder.java:110] : binding property startDate with lazy=false
2021-08-30 20:39:45,388 DEBUG [SimpleValueBinder.java:220] : building SimpleValue for startDate
2021-08-30 20:39:45,389 DEBUG [PropertyBinder.java:131] : Building property startDate
2021-08-30 20:39:45,389 INFO  [AnnotationBinder.java:419] : Binding entity from annotated class: com.jadson.dev.tarefas.domain.Item
2021-08-30 20:39:45,389 INFO  [QueryBinder.java:64] : Binding Named query: Item.getLastId =&gt; SELECT i FROM Item i where i.id = (select MAX(i.id) from Item i)
2021-08-30 20:39:45,389 DEBUG [Ejb3Column.java:161] : Binding column DTYPE. Unique false. Nullable false.
2021-08-30 20:39:45,390 DEBUG [EntityBinder.java:295] : Import with entity name Item
2021-08-30 20:39:45,390 INFO  [EntityBinder.java:422] : Bind entity com.jadson.dev.tarefas.domain.Item on table Item
2021-08-30 20:39:45,390 DEBUG [AnnotationBinder.java:1022] : Processing com.jadson.dev.tarefas.domain.Item property annotation
2021-08-30 20:39:45,391 DEBUG [AnnotationBinder.java:1022] : Processing com.jadson.dev.tarefas.domain.Item field annotation
2021-08-30 20:39:45,391 DEBUG [AnnotationBinder.java:1133] : Processing annotations of com.jadson.dev.tarefas.domain.Item.id
2021-08-30 20:39:45,391 DEBUG [Ejb3Column.java:161] : Binding column id. Unique false. Nullable false.
2021-08-30 20:39:45,392 DEBUG [AnnotationBinder.java:1257] : id is an id
2021-08-30 20:39:45,392 DEBUG [SimpleValueBinder.java:220] : building SimpleValue for id
2021-08-30 20:39:45,392 DEBUG [PropertyBinder.java:131] : Building property id
2021-08-30 20:39:45,392 DEBUG [AnnotationBinder.java:1293] : Bind @Id on id
2021-08-30 20:39:45,393 DEBUG [AnnotationBinder.java:1133] : Processing annotations of com.jadson.dev.tarefas.domain.Item.description
2021-08-30 20:39:45,393 DEBUG [Ejb3Column.java:161] : Binding column description. Unique false. Nullable true.
2021-08-30 20:39:45,393 DEBUG [PropertyBinder.java:110] : binding property description with lazy=false
2021-08-30 20:39:45,394 DEBUG [SimpleValueBinder.java:220] : building SimpleValue for description
2021-08-30 20:39:45,394 DEBUG [PropertyBinder.java:131] : Building property description
2021-08-30 20:39:45,396 DEBUG [AnnotationBinder.java:1133] : Processing annotations of com.jadson.dev.tarefas.domain.Item.iteration
2021-08-30 20:39:45,396 DEBUG [Ejb3Column.java:161] : Binding column iterationId. Unique false. Nullable true.
2021-08-30 20:39:45,396 DEBUG [Ejb3Column.java:161] : Binding column iteration. Unique false. Nullable true.
2021-08-30 20:39:45,396 DEBUG [PropertyBinder.java:131] : Building property iteration
2021-08-30 20:39:45,396 DEBUG [AnnotationBinder.java:1133] : Processing annotations of com.jadson.dev.tarefas.domain.Item.priority
2021-08-30 20:39:45,397 DEBUG [Ejb3Column.java:161] : Binding column priority. Unique false. Nullable false.
2021-08-30 20:39:45,397 DEBUG [PropertyBinder.java:110] : binding property priority with lazy=false
2021-08-30 20:39:45,397 DEBUG [SimpleValueBinder.java:220] : building SimpleValue for priority
2021-08-30 20:39:45,397 DEBUG [PropertyBinder.java:131] : Building property priority
2021-08-30 20:39:45,397 DEBUG [AnnotationBinder.java:1133] : Processing annotations of com.jadson.dev.tarefas.domain.Item.tasks
2021-08-30 20:39:45,398 DEBUG [Ejb3Column.java:161] : Binding column null. Unique false. Nullable true.
2021-08-30 20:39:45,398 DEBUG [Ejb3Column.java:161] : Binding column tasks. Unique false. Nullable true.
2021-08-30 20:39:45,398 DEBUG [Ejb3Column.java:161] : Binding column null. Unique false. Nullable true.
2021-08-30 20:39:45,398 DEBUG [Ejb3Column.java:161] : Binding column element. Unique false. Nullable true.
2021-08-30 20:39:45,399 DEBUG [Ejb3Column.java:161] : Binding column mapkey. Unique false. Nullable true.
2021-08-30 20:39:45,399 DEBUG [Ejb3Column.java:161] : Binding column null. Unique false. Nullable true.
2021-08-30 20:39:45,399 DEBUG [Ejb3Column.java:161] : Binding column null. Unique false. Nullable false.
2021-08-30 20:39:45,399 DEBUG [Ejb3Column.java:161] : Binding column null. Unique false. Nullable false.
2021-08-30 20:39:45,399 DEBUG [CollectionBinder.java:312] : Collection role: com.jadson.dev.tarefas.domain.Item.tasks
2021-08-30 20:39:45,399 DEBUG [PropertyBinder.java:131] : Building property tasks
2021-08-30 20:39:45,400 INFO  [AnnotationBinder.java:419] : Binding entity from annotated class: com.jadson.dev.tarefas.domain.Task
2021-08-30 20:39:45,400 INFO  [QueryBinder.java:64] : Binding Named query: Task.getLastId =&gt; SELECT t FROM Task t where t.id = (select MAX(t.id) from Task t)
2021-08-30 20:39:45,400 DEBUG [Ejb3Column.java:161] : Binding column DTYPE. Unique false. Nullable false.
2021-08-30 20:39:45,401 DEBUG [EntityBinder.java:295] : Import with entity name Task
2021-08-30 20:39:45,401 INFO  [EntityBinder.java:422] : Bind entity com.jadson.dev.tarefas.domain.Task on table Task
2021-08-30 20:39:45,401 DEBUG [AnnotationBinder.java:1022] : Processing com.jadson.dev.tarefas.domain.Task property annotation
2021-08-30 20:39:45,402 DEBUG [AnnotationBinder.java:1022] : Processing com.jadson.dev.tarefas.domain.Task field annotation
2021-08-30 20:39:45,404 DEBUG [AnnotationBinder.java:1133] : Processing annotations of com.jadson.dev.tarefas.domain.Task.id
2021-08-30 20:39:45,404 DEBUG [Ejb3Column.java:161] : Binding column id. Unique false. Nullable false.
2021-08-30 20:39:45,404 DEBUG [AnnotationBinder.java:1257] : id is an id
2021-08-30 20:39:45,405 DEBUG [SimpleValueBinder.java:220] : building SimpleValue for id
2021-08-30 20:39:45,405 DEBUG [PropertyBinder.java:131] : Building property id
2021-08-30 20:39:45,405 DEBUG [AnnotationBinder.java:1293] : Bind @Id on id
2021-08-30 20:39:45,405 DEBUG [AnnotationBinder.java:1133] : Processing annotations of com.jadson.dev.tarefas.domain.Task.item
2021-08-30 20:39:45,405 DEBUG [Ejb3Column.java:161] : Binding column itemId. Unique false. Nullable true.
2021-08-30 20:39:45,406 DEBUG [Ejb3Column.java:161] : Binding column item. Unique false. Nullable true.
2021-08-30 20:39:45,406 DEBUG [PropertyBinder.java:131] : Building property item
2021-08-30 20:39:45,406 DEBUG [AnnotationBinder.java:1133] : Processing annotations of com.jadson.dev.tarefas.domain.Task.location
2021-08-30 20:39:45,406 DEBUG [Ejb3Column.java:161] : Binding column location. Unique false. Nullable true.
2021-08-30 20:39:45,406 DEBUG [PropertyBinder.java:110] : binding property location with lazy=false
2021-08-30 20:39:45,406 DEBUG [SimpleValueBinder.java:220] : building SimpleValue for location
2021-08-30 20:39:45,407 DEBUG [PropertyBinder.java:131] : Building property location
2021-08-30 20:39:45,407 DEBUG [AnnotationBinder.java:1133] : Processing annotations of com.jadson.dev.tarefas.domain.Task.name
2021-08-30 20:39:45,407 DEBUG [Ejb3Column.java:161] : Binding column name. Unique false. Nullable true.
2021-08-30 20:39:45,407 DEBUG [PropertyBinder.java:110] : binding property name with lazy=false
2021-08-30 20:39:45,408 DEBUG [SimpleValueBinder.java:220] : building SimpleValue for name
2021-08-30 20:39:45,408 DEBUG [PropertyBinder.java:131] : Building property name
2021-08-30 20:39:45,408 DEBUG [AnnotationBinder.java:1133] : Processing annotations of com.jadson.dev.tarefas.domain.Task.resource
2021-08-30 20:39:45,408 DEBUG [Ejb3Column.java:161] : Binding column resource. Unique false. Nullable false.
2021-08-30 20:39:45,408 DEBUG [PropertyBinder.java:110] : binding property resource with lazy=false
2021-08-30 20:39:45,409 DEBUG [SimpleValueBinder.java:220] : building SimpleValue for resource
2021-08-30 20:39:45,409 DEBUG [PropertyBinder.java:131] : Building property resource
2021-08-30 20:39:45,409 DEBUG [AnnotationBinder.java:1133] : Processing annotations of com.jadson.dev.tarefas.domain.Task.status
2021-08-30 20:39:45,409 DEBUG [Ejb3Column.java:161] : Binding column status. Unique false. Nullable true.
2021-08-30 20:39:45,410 DEBUG [PropertyBinder.java:110] : binding property status with lazy=false
2021-08-30 20:39:45,412 DEBUG [SimpleValueBinder.java:220] : building SimpleValue for status
2021-08-30 20:39:45,412 DEBUG [PropertyBinder.java:131] : Building property status
2021-08-30 20:39:45,412 INFO  [AnnotationBinder.java:419] : Binding entity from annotated class: com.jadson.dev.tarefas.domain.User
2021-08-30 20:39:45,412 INFO  [QueryBinder.java:64] : Binding Named query: User.getByLogin =&gt; SELECT u FROM User u WHERE u.login = :login and u.password = :password
2021-08-30 20:39:45,413 DEBUG [Ejb3Column.java:161] : Binding column DTYPE. Unique false. Nullable false.
2021-08-30 20:39:45,413 DEBUG [EntityBinder.java:295] : Import with entity name User
2021-08-30 20:39:45,413 INFO  [EntityBinder.java:422] : Bind entity com.jadson.dev.tarefas.domain.User on table User
2021-08-30 20:39:45,413 DEBUG [AnnotationBinder.java:1022] : Processing com.jadson.dev.tarefas.domain.User property annotation
2021-08-30 20:39:45,414 DEBUG [AnnotationBinder.java:1022] : Processing com.jadson.dev.tarefas.domain.User field annotation
2021-08-30 20:39:45,417 DEBUG [AnnotationBinder.java:1133] : Processing annotations of com.jadson.dev.tarefas.domain.User.id
2021-08-30 20:39:45,417 DEBUG [Ejb3Column.java:161] : Binding column id. Unique false. Nullable false.
2021-08-30 20:39:45,418 DEBUG [AnnotationBinder.java:1257] : id is an id
2021-08-30 20:39:45,418 DEBUG [SimpleValueBinder.java:220] : building SimpleValue for id
2021-08-30 20:39:45,418 DEBUG [PropertyBinder.java:131] : Building property id
2021-08-30 20:39:45,418 DEBUG [AnnotationBinder.java:1293] : Bind @Id on id
2021-08-30 20:39:45,418 DEBUG [AnnotationBinder.java:1133] : Processing annotations of com.jadson.dev.tarefas.domain.User.address
2021-08-30 20:39:45,418 DEBUG [Ejb3Column.java:161] : Binding column address. Unique false. Nullable true.
2021-08-30 20:39:45,419 DEBUG [AnnotationBinder.java:1808] : Binding component with path: com.jadson.dev.tarefas.domain.User.address
2021-08-30 20:39:45,420 DEBUG [AnnotationBinder.java:1022] : Processing com.jadson.dev.tarefas.domain.Address field annotation
2021-08-30 20:39:45,420 DEBUG [AnnotationBinder.java:1133] : Processing annotations of com.jadson.dev.tarefas.domain.Address.city
2021-08-30 20:39:45,420 DEBUG [Ejb3Column.java:161] : Binding column city. Unique false. Nullable true.
2021-08-30 20:39:45,420 DEBUG [PropertyBinder.java:110] : binding property city with lazy=false
2021-08-30 20:39:45,421 DEBUG [SimpleValueBinder.java:220] : building SimpleValue for city
2021-08-30 20:39:45,421 DEBUG [PropertyBinder.java:131] : Building property city
2021-08-30 20:39:45,421 DEBUG [AnnotationBinder.java:1133] : Processing annotations of com.jadson.dev.tarefas.domain.Address.state
2021-08-30 20:39:45,421 DEBUG [Ejb3Column.java:161] : Binding column state. Unique false. Nullable true.
2021-08-30 20:39:45,421 DEBUG [PropertyBinder.java:110] : binding property state with lazy=false
2021-08-30 20:39:45,422 DEBUG [SimpleValueBinder.java:220] : building SimpleValue for state
2021-08-30 20:39:45,422 DEBUG [PropertyBinder.java:131] : Building property state
2021-08-30 20:39:45,422 DEBUG [AnnotationBinder.java:1133] : Processing annotations of com.jadson.dev.tarefas.domain.Address.street
2021-08-30 20:39:45,422 DEBUG [Ejb3Column.java:161] : Binding column street. Unique false. Nullable true.
2021-08-30 20:39:45,422 DEBUG [PropertyBinder.java:110] : binding property street with lazy=false
2021-08-30 20:39:45,422 DEBUG [SimpleValueBinder.java:220] : building SimpleValue for street
2021-08-30 20:39:45,423 DEBUG [PropertyBinder.java:131] : Building property street
2021-08-30 20:39:45,423 DEBUG [PropertyBinder.java:131] : Building property address
2021-08-30 20:39:45,423 DEBUG [AnnotationBinder.java:1133] : Processing annotations of com.jadson.dev.tarefas.domain.User.login
2021-08-30 20:39:45,423 DEBUG [Ejb3Column.java:161] : Binding column login. Unique true. Nullable false.
2021-08-30 20:39:45,423 DEBUG [PropertyBinder.java:110] : binding property login with lazy=false
2021-08-30 20:39:45,423 DEBUG [SimpleValueBinder.java:220] : building SimpleValue for login
2021-08-30 20:39:45,424 DEBUG [PropertyBinder.java:131] : Building property login
2021-08-30 20:39:45,424 DEBUG [AnnotationBinder.java:1133] : Processing annotations of com.jadson.dev.tarefas.domain.User.name
2021-08-30 20:39:45,424 DEBUG [Ejb3Column.java:161] : Binding column name. Unique false. Nullable false.
2021-08-30 20:39:45,424 DEBUG [PropertyBinder.java:110] : binding property name with lazy=false
2021-08-30 20:39:45,424 DEBUG [SimpleValueBinder.java:220] : building SimpleValue for name
2021-08-30 20:39:45,425 DEBUG [PropertyBinder.java:131] : Building property name
2021-08-30 20:39:45,425 DEBUG [AnnotationBinder.java:1133] : Processing annotations of com.jadson.dev.tarefas.domain.User.password
2021-08-30 20:39:45,425 DEBUG [Ejb3Column.java:161] : Binding column password. Unique false. Nullable true.
2021-08-30 20:39:45,425 DEBUG [PropertyBinder.java:110] : binding property password with lazy=false
2021-08-30 20:39:45,425 DEBUG [SimpleValueBinder.java:220] : building SimpleValue for password
2021-08-30 20:39:45,426 DEBUG [PropertyBinder.java:131] : Building property password
2021-08-30 20:39:45,426 DEBUG [AnnotationBinder.java:1133] : Processing annotations of com.jadson.dev.tarefas.domain.User.role
2021-08-30 20:39:45,426 DEBUG [Ejb3Column.java:161] : Binding column role. Unique false. Nullable true.
2021-08-30 20:39:45,426 DEBUG [PropertyBinder.java:110] : binding property role with lazy=false
2021-08-30 20:39:45,426 DEBUG [SimpleValueBinder.java:220] : building SimpleValue for role
2021-08-30 20:39:45,427 DEBUG [PropertyBinder.java:131] : Building property role
2021-08-30 20:39:45,427 DEBUG [AnnotationConfiguration.java:401] : processing fk mappings (*ToOne and JoinedSubclass)
2021-08-30 20:39:45,456 DEBUG [Configuration.java:1153] : processing extends queue
2021-08-30 20:39:45,457 DEBUG [Configuration.java:1157] : processing collection mappings
2021-08-30 20:39:45,457 DEBUG [CollectionSecondPass.java:64] : Second pass for collection: com.jadson.dev.tarefas.domain.Project.iterations
2021-08-30 20:39:45,457 DEBUG [CollectionBinder.java:623] : Binding a OneToMany: com.jadson.dev.tarefas.domain.Project.iterations through a foreign key
2021-08-30 20:39:45,458 INFO  [CollectionBinder.java:650] : Mapping collection: com.jadson.dev.tarefas.domain.Project.iterations -&gt; Iteration
2021-08-30 20:39:45,459 DEBUG [TableBinder.java:185] : Retrieving property com.jadson.dev.tarefas.domain.Iteration.project
2021-08-30 20:39:45,459 DEBUG [CollectionSecondPass.java:80] : Mapped collection key: projectId, one-to-many: com.jadson.dev.tarefas.domain.Iteration
2021-08-30 20:39:45,459 DEBUG [CollectionSecondPass.java:64] : Second pass for collection: com.jadson.dev.tarefas.domain.Iteration.itens
2021-08-30 20:39:45,460 DEBUG [CollectionBinder.java:623] : Binding a OneToMany: com.jadson.dev.tarefas.domain.Iteration.itens through a foreign key
2021-08-30 20:39:45,460 INFO  [CollectionBinder.java:650] : Mapping collection: com.jadson.dev.tarefas.domain.Iteration.itens -&gt; Item
2021-08-30 20:39:45,460 DEBUG [TableBinder.java:185] : Retrieving property com.jadson.dev.tarefas.domain.Item.iteration
2021-08-30 20:39:45,460 DEBUG [CollectionSecondPass.java:80] : Mapped collection key: iterationId, one-to-many: com.jadson.dev.tarefas.domain.Item
2021-08-30 20:39:45,460 DEBUG [CollectionSecondPass.java:64] : Second pass for collection: com.jadson.dev.tarefas.domain.Item.tasks
2021-08-30 20:39:45,460 DEBUG [CollectionBinder.java:623] : Binding a OneToMany: com.jadson.dev.tarefas.domain.Item.tasks through a foreign key
2021-08-30 20:39:45,461 INFO  [CollectionBinder.java:650] : Mapping collection: com.jadson.dev.tarefas.domain.Item.tasks -&gt; Task
2021-08-30 20:39:45,461 DEBUG [TableBinder.java:185] : Retrieving property com.jadson.dev.tarefas.domain.Task.item
2021-08-30 20:39:45,461 DEBUG [CollectionSecondPass.java:80] : Mapped collection key: itemId, one-to-many: com.jadson.dev.tarefas.domain.Task
2021-08-30 20:39:45,461 DEBUG [Configuration.java:1168] : processing native query and ResultSetMapping mappings
2021-08-30 20:39:45,461 DEBUG [Configuration.java:1176] : processing association property references
2021-08-30 20:39:45,461 DEBUG [Configuration.java:1198] : processing foreign key constraints
2021-08-30 20:39:45,461 DEBUG [Configuration.java:1281] : resolving reference to class: com.jadson.dev.tarefas.domain.Iteration
2021-08-30 20:39:45,462 DEBUG [Configuration.java:1281] : resolving reference to class: com.jadson.dev.tarefas.domain.Project
2021-08-30 20:39:45,462 DEBUG [Configuration.java:1281] : resolving reference to class: com.jadson.dev.tarefas.domain.Item
2021-08-30 20:39:45,462 INFO  [AnnotationConfiguration.java:369] : Hibernate Validator not found: ignoring
2021-08-30 20:39:45,480 DEBUG [NamingHelper.java:30] : No JNDI name configured for binding Ejb3Configuration
2021-08-30 20:39:45,481 DEBUG [AnnotationConfiguration.java:806] : Validator not present in classpath, ignoring event listener registration
2021-08-30 20:39:45,483 DEBUG [HibernateSearchEventListenerRegister.java:209] : Search not present in classpath, ignoring event listener registration.
2021-08-30 20:39:45,483 INFO  [HibernateSearchEventListenerRegister.java:53] : Unable to find org.hibernate.search.event.FullTextIndexEventListener on the classpath. Hibernate Search is not enabled.
2021-08-30 20:39:45,483 DEBUG [Configuration.java:1318] : Preparing to build session factory with filters : {}
2021-08-30 20:39:45,483 DEBUG [AnnotationConfiguration.java:258] : Execute first pass mapping processing
2021-08-30 20:39:45,483 DEBUG [AnnotationConfiguration.java:529] : Process hbm files
2021-08-30 20:39:45,483 DEBUG [AnnotationConfiguration.java:537] : Process annotated classes
2021-08-30 20:39:45,483 DEBUG [AnnotationConfiguration.java:401] : processing fk mappings (*ToOne and JoinedSubclass)
2021-08-30 20:39:45,484 DEBUG [Configuration.java:1153] : processing extends queue
2021-08-30 20:39:45,484 DEBUG [Configuration.java:1157] : processing collection mappings
2021-08-30 20:39:45,484 DEBUG [Configuration.java:1168] : processing native query and ResultSetMapping mappings
2021-08-30 20:39:45,484 DEBUG [Configuration.java:1176] : processing association property references
2021-08-30 20:39:45,484 DEBUG [Configuration.java:1198] : processing foreign key constraints
2021-08-30 20:39:45,484 DEBUG [Configuration.java:1281] : resolving reference to class: com.jadson.dev.tarefas.domain.Iteration
2021-08-30 20:39:45,484 DEBUG [Configuration.java:1281] : resolving reference to class: com.jadson.dev.tarefas.domain.Project
2021-08-30 20:39:45,484 DEBUG [Configuration.java:1281] : resolving reference to class: com.jadson.dev.tarefas.domain.Item
2021-08-30 20:39:45,501 INFO  [DriverManagerConnectionProvider.java:64] : Using Hibernate built-in connection pool (not for production use!)
2021-08-30 20:39:45,501 INFO  [DriverManagerConnectionProvider.java:65] : Hibernate connection pool size: 20
2021-08-30 20:39:45,501 INFO  [DriverManagerConnectionProvider.java:68] : autocommit mode: true
2021-08-30 20:39:45,542 INFO  [DriverManagerConnectionProvider.java:103] : using driver: com.mysql.jdbc.Driver at URL: jdbc:mysql://localhost:3306/tarefas
2021-08-30 20:39:45,542 INFO  [DriverManagerConnectionProvider.java:106] : connection properties: {user=root, password=Ricardo@279, autocommit=true, release_mode=auto}
2021-08-30 20:39:45,542 DEBUG [DriverManagerConnectionProvider.java:132] : opening new JDBC connection
2021-08-30 20:39:46,039 DEBUG [DriverManagerConnectionProvider.java:138] : created connection to: jdbc:mysql://localhost:3306/tarefas, Isolation Level: 4
2021-08-30 20:39:46,041 INFO  [SettingsFactory.java:116] : RDBMS: MySQL, version: 8.0.26
2021-08-30 20:39:46,041 INFO  [SettingsFactory.java:117] : JDBC driver: MySQL Connector/J, version: mysql-connector-java-8.0.26 (Revision: 9aae1e450989d62c06616c1dcda3e404ef84df70)
2021-08-30 20:39:46,049 INFO  [Dialect.java:175] : Using dialect: org.hibernate.dialect.MySQLDialect
2021-08-30 20:39:46,051 INFO  [TransactionFactoryFactory.java:62] : Transaction strategy: org.hibernate.transaction.JDBCTransactionFactory
2021-08-30 20:39:46,052 INFO  [TransactionManagerLookupFactory.java:80] : No TransactionManagerLookup configured (in JTA environment, use of read-write or transactional second-level cache is not recommended)
2021-08-30 20:39:46,052 INFO  [SettingsFactory.java:170] : Automatic flush during beforeCompletion(): disabled
2021-08-30 20:39:46,052 INFO  [SettingsFactory.java:174] : Automatic session close at end of transaction: disabled
2021-08-30 20:39:46,052 INFO  [SettingsFactory.java:181] : JDBC batch size: 15
2021-08-30 20:39:46,052 INFO  [SettingsFactory.java:184] : JDBC batch updates for versioned data: disabled
2021-08-30 20:39:46,053 INFO  [SettingsFactory.java:189] : Scrollable result sets: enabled
2021-08-30 20:39:46,053 DEBUG [SettingsFactory.java:193] : Wrap result sets: disabled
2021-08-30 20:39:46,053 INFO  [SettingsFactory.java:197] : JDBC3 getGeneratedKeys(): enabled
2021-08-30 20:39:46,053 INFO  [SettingsFactory.java:205] : Connection release mode: auto
2021-08-30 20:39:46,054 INFO  [SettingsFactory.java:229] : Maximum outer join fetch depth: 2
2021-08-30 20:39:46,054 INFO  [SettingsFactory.java:232] : Default batch fetch size: 1
2021-08-30 20:39:46,054 INFO  [SettingsFactory.java:236] : Generate SQL with comments: disabled
2021-08-30 20:39:46,054 INFO  [SettingsFactory.java:240] : Order SQL updates by primary key: disabled
2021-08-30 20:39:46,054 INFO  [SettingsFactory.java:244] : Order SQL inserts for batching: disabled
2021-08-30 20:39:46,055 INFO  [SettingsFactory.java:420] : Query translator: org.hibernate.hql.ast.ASTQueryTranslatorFactory
2021-08-30 20:39:46,056 INFO  [ASTQueryTranslatorFactory.java:47] : Using ASTQueryTranslatorFactory
2021-08-30 20:39:46,056 INFO  [SettingsFactory.java:252] : Query language substitutions: {}
2021-08-30 20:39:46,056 INFO  [SettingsFactory.java:257] : JPA-QL strict compliance: enabled
2021-08-30 20:39:46,056 INFO  [SettingsFactory.java:262] : Second-level cache: enabled
2021-08-30 20:39:46,056 INFO  [SettingsFactory.java:266] : Query cache: disabled
2021-08-30 20:39:46,057 INFO  [SettingsFactory.java:405] : Cache region factory : org.hibernate.cache.impl.NoCachingRegionFactory
2021-08-30 20:39:46,057 INFO  [SettingsFactory.java:276] : Optimize cache for minimal puts: disabled
2021-08-30 20:39:46,057 INFO  [SettingsFactory.java:285] : Structured second-level cache entries: disabled
2021-08-30 20:39:46,060 INFO  [SettingsFactory.java:314] : Statistics: disabled
2021-08-30 20:39:46,060 INFO  [SettingsFactory.java:318] : Deleted entity synthetic identifier rollback: disabled
2021-08-30 20:39:46,060 INFO  [SettingsFactory.java:333] : Default entity-mode: pojo
2021-08-30 20:39:46,060 INFO  [SettingsFactory.java:337] : Named query checking : enabled
2021-08-30 20:39:46,085 INFO  [SessionFactoryImpl.java:187] : building session factory
2021-08-30 20:39:46,086 DEBUG [SessionFactoryImpl.java:205] : Session factory constructed with filter configurations : {}
2021-08-30 20:39:46,086 DEBUG [SessionFactoryImpl.java:209] : instantiating session factory with properties: {java.vendor=Oracle Corporation, localRepository=C:\Users\bioja\.m2\repository, sun.java.launcher=SUN_STANDARD, hibernate.connection.url=jdbc:mysql://localhost:3306/tarefas, sun.management.compiler=HotSpot 64-Bit Tiered Compilers, hibernate.ejb.discard_pc_on_close=false, hibernate.transaction.flush_before_completion=false, os.name=Windows 10, sun.boot.class.path=C:\Program Files\Java\jdk1.8.0_141\jre\lib\resources.jar;C:\Program Files\Java\jdk1.8.0_141\jre\lib\rt.jar;C:\Program Files\Java\jdk1.8.0_141\jre\lib\sunrsasign.jar;C:\Program Files\Java\jdk1.8.0_141\jre\lib\jsse.jar;C:\Program Files\Java\jdk1.8.0_141\jre\lib\jce.jar;C:\Program Files\Java\jdk1.8.0_141\jre\lib\charsets.jar;C:\Program Files\Java\jdk1.8.0_141\jre\lib\jfr.jar;C:\Program Files\Java\jdk1.8.0_141\jre\classes, sun.desktop=windows, java.vm.specification.vendor=Oracle Corporation, java.runtime.version=1.8.0_141-b15, hibernate.connection.autocommit=true, user.name=bioja, hibernate.connection.release_mode=auto, user.language=pt, sun.boot.library.path=C:\Program Files\Java\jdk1.8.0_141\jre\bin, java.version=1.8.0_141, user.timezone=America/Sao_Paulo, sun.arch.data.model=64, java.endorsed.dirs=C:\Program Files\Java\jdk1.8.0_141\jre\lib\endorsed, sun.cpu.isalist=amd64, sun.jnu.encoding=Cp1252, file.encoding.pkg=sun.io, file.separator=\, java.specification.name=Java Platform API Specification, java.class.version=52.0, user.country=BR, java.home=C:\Program Files\Java\jdk1.8.0_141\jre, java.vm.info=mixed mode, os.version=10.0, hibernate.transaction.factory_class=org.hibernate.transaction.JDBCTransactionFactory, surefire.real.class.path=C:\Users\bioja\eclipse-workspace\tarefas\target\surefire\surefirebooter5201068185304271596.jar, hibernate.query.jpaql_strict_compliance=true, path.separator=;, java.vm.version=25.141-b15, hibernate.connection.password=Ricardo@279, user.variant=, java.awt.printerjob=sun.awt.windows.WPrinterJob, sun.io.unicode.encoding=UnicodeLittle, awt.toolkit=sun.awt.windows.WToolkit, hibernate.connection.username=root, user.script=, user.home=C:\Users\bioja, java.specification.vendor=Oracle Corporation, hibernate.hbm2ddl.auto=create, java.library.path=C:\Program Files\Java\jdk1.8.0_141\jre\bin;C:\WINDOWS\Sun\Java\bin;C:\WINDOWS\system32;C:\WINDOWS;C:/Program Files/Java/jdk-11.0.5/bin/server;C:/Program Files/Java/jdk-11.0.5/bin;C:\Program Files (x86)\Common Files\Oracle\Java\javapath;C:\ProgramData\Oracle\Java\javapath;C:\WINDOWS\system32;C:\WINDOWS;C:\WINDOWS\System32\Wbem;C:\WINDOWS\System32\WindowsPowerShell\v1.0\;C:\WINDOWS\System32\OpenSSH\;C:\Users\bioja\AppData\Local\Android\Sdk\platforms;C:\Users\bioja\AppData\Local\Android\Sdk\platform-tools;C:\Program Files\Java\jdk-11.0.5\bin\bin;C:\Program Files\Git\cmd;C:\Program Files\nodejs\;C:\Users\bioja\AppData\Local\Programs\Python\Python37\Scripts\;C:\Users\bioja\AppData\Local\Programs\Python\Python37\;C:\Users\bioja\AppData\Local\Microsoft\WindowsApps;C:\Users\bioja\AppData\Local\Programs\Microsoft VS Code\bin;C:\Users\bioja\AppData\Roaming\npm;C:\Users\bioja\AppData\Local\GitHubDesktop\bin;C:\Users\bioja\Desktop;;., java.vendor.url=http://java.oracle.com/, hibernate.connection.driver_class=com.mysql.jdbc.Driver, java.vm.vendor=Oracle Corporation, hibernate.dialect=org.hibernate.dialect.MySQLDialect, java.runtime.name=Java(TM) SE Runtime Environment, sun.java.command=C:\Users\bioja\eclipse-workspace\tarefas\target\surefire\surefirebooter5201068185304271596.jar C:\Users\bioja\eclipse-workspace\tarefas\target\surefire\surefire6401523158865636347tmp C:\Users\bioja\eclipse-workspace\tarefas\target\surefire\surefire_02945657258237297261tmp, java.class.path=C:\Users\bioja\eclipse-workspace\tarefas\target\test-classes;C:\Users\bioja\eclipse-workspace\tarefas\target\classes;C:\Users\bioja\.m2\repository\junit\junit\4.0\junit-4.0.jar;C:\Users\bioja\.m2\repository\javax\persistence\persistence-api\1.0\persistence-api-1.0.jar;C:\Users\bioja\.m2\repository\org\hibernate\hibernate-entitymanager\3.4.0.GA\hibernate-entitymanager-3.4.0.GA.jar;C:\Users\bioja\.m2\repository\org\hibernate\ejb3-persistence\1.0.2.GA\ejb3-persistence-1.0.2.GA.jar;C:\Users\bioja\.m2\repository\org\hibernate\hibernate-commons-annotations\3.1.0.GA\hibernate-commons-annotations-3.1.0.GA.jar;C:\Users\bioja\.m2\repository\org\hibernate\hibernate-annotations\3.4.0.GA\hibernate-annotations-3.4.0.GA.jar;C:\Users\bioja\.m2\repository\org\hibernate\hibernate-core\3.3.0.SP1\hibernate-core-3.3.0.SP1.jar;C:\Users\bioja\.m2\repository\antlr\antlr\2.7.6\antlr-2.7.6.jar;C:\Users\bioja\.m2\repository\org\slf4j\slf4j-api\1.4.2\slf4j-api-1.4.2.jar;C:\Users\bioja\.m2\repository\dom4j\dom4j\1.6.1\dom4j-1.6.1.jar;C:\Users\bioja\.m2\repository\xml-apis\xml-apis\1.0.b2\xml-apis-1.0.b2.jar;C:\Users\bioja\.m2\repository\javax\transaction\jta\1.1\jta-1.1.jar;C:\Users\bioja\.m2\repository\javassist\javassist\3.4.GA\javassist-3.4.GA.jar;C:\Users\bioja\.m2\repository\mysql\mysql-connector-java\8.0.26\mysql-connector-java-8.0.26.jar;C:\Users\bioja\.m2\repository\com\google\protobuf\protobuf-java\3.11.4\protobuf-java-3.11.4.jar;C:\Users\bioja\.m2\repository\org\apache\struts\struts2-core\2.0.9\struts2-core-2.0.9.jar;C:\Users\bioja\.m2\repository\com\opensymphony\xwork\2.0.4\xwork-2.0.4.jar;C:\Users\bioja\.m2\repository\freemarker\freemarker\2.3.8\freemarker-2.3.8.jar;C:\Users\bioja\.m2\repository\opensymphony\ognl\2.6.11\ognl-2.6.11.jar;C:\Users\bioja\.m2\repository\commons-logging\commons-logging\1.0.4\commons-logging-1.0.4.jar;C:\Users\bioja\.m2\repository\org\apache\struts\struts2-sitemesh-plugin\2.0.9\struts2-sitemesh-plugin-2.0.9.jar;C:\Users\bioja\.m2\repository\opensymphony\sitemesh\2.2.1\sitemesh-2.2.1.jar;C:\Users\bioja\.m2\repository\org\apache\struts\struts2-spring-plugin\2.0.9\struts2-spring-plugin-2.0.9.jar;C:\Users\bioja\.m2\repository\org\springframework\spring-beans\2.0.5\spring-beans-2.0.5.jar;C:\Users\bioja\.m2\repository\org\springframework\spring-core\2.0.5\spring-core-2.0.5.jar;C:\Users\bioja\.m2\repository\org\springframework\spring-context\2.0.5\spring-context-2.0.5.jar;C:\Users\bioja\.m2\repository\aopalliance\aopalliance\1.0\aopalliance-1.0.jar;C:\Users\bioja\.m2\repository\org\springframework\spring-web\2.0.5\spring-web-2.0.5.jar;C:\Users\bioja\.m2\repository\displaytag\displaytag\1.1.1\displaytag-1.1.1.jar;C:\Users\bioja\.m2\repository\commons-collections\commons-collections\3.1\commons-collections-3.1.jar;C:\Users\bioja\.m2\repository\commons-lang\commons-lang\2.3\commons-lang-2.3.jar;C:\Users\bioja\.m2\repository\com\lowagie\itext\1.3\itext-1.3.jar;C:\Users\bioja\.m2\repository\commons-beanutils\commons-beanutils\1.7.0\commons-beanutils-1.7.0.jar;C:\Users\bioja\.m2\repository\org\slf4j\jcl104-over-slf4j\1.4.2\jcl104-over-slf4j-1.4.2.jar;C:\Users\bioja\.m2\repository\org\slf4j\slf4j-log4j12\1.4.2\slf4j-log4j12-1.4.2.jar;C:\Users\bioja\.m2\repository\log4j\log4j\1.2.13\log4j-1.2.13.jar;C:\Users\bioja\.m2\repository\javax\servlet\servlet-api\2.4\servlet-api-2.4.jar;C:\Users\bioja\.m2\repository\javax\servlet\jsp-api\2.0\jsp-api-2.0.jar;C:\Users\bioja\.m2\repository\javax\servlet\jstl\1.2\jstl-1.2.jar;C:\Users\bioja\.m2\repository\taglibs\standard\1.1.2\standard-1.1.2.jar;C:\Users\bioja\.m2\repository\commons-fileupload\commons-fileupload\1.1.1\commons-fileupload-1.1.1.jar;C:\Users\bioja\.m2\repository\commons-io\commons-io\1.1\commons-io-1.1.jar;, hibernate.bytecode.use_reflection_optimizer=false, java.vm.specification.name=Java Virtual Machine Specification, java.vm.specification.version=1.8, sun.cpu.endian=little, sun.os.patch.level=, surefire.test.class.path=C:\Users\bioja\eclipse-workspace\tarefas\target\test-classes;C:\Users\bioja\eclipse-workspace\tarefas\target\classes;C:\Users\bioja\.m2\repository\junit\junit\4.0\junit-4.0.jar;C:\Users\bioja\.m2\repository\javax\persistence\persistence-api\1.0\persistence-api-1.0.jar;C:\Users\bioja\.m2\repository\org\hibernate\hibernate-entitymanager\3.4.0.GA\hibernate-entitymanager-3.4.0.GA.jar;C:\Users\bioja\.m2\repository\org\hibernate\ejb3-persistence\1.0.2.GA\ejb3-persistence-1.0.2.GA.jar;C:\Users\bioja\.m2\repository\org\hibernate\hibernate-commons-annotations\3.1.0.GA\hibernate-commons-annotations-3.1.0.GA.jar;C:\Users\bioja\.m2\repository\org\hibernate\hibernate-annotations\3.4.0.GA\hibernate-annotations-3.4.0.GA.jar;C:\Users\bioja\.m2\repository\org\hibernate\hibernate-core\3.3.0.SP1\hibernate-core-3.3.0.SP1.jar;C:\Users\bioja\.m2\repository\antlr\antlr\2.7.6\antlr-2.7.6.jar;C:\Users\bioja\.m2\repository\org\slf4j\slf4j-api\1.4.2\slf4j-api-1.4.2.jar;C:\Users\bioja\.m2\repository\dom4j\dom4j\1.6.1\dom4j-1.6.1.jar;C:\Users\bioja\.m2\repository\xml-apis\xml-apis\1.0.b2\xml-apis-1.0.b2.jar;C:\Users\bioja\.m2\repository\javax\transaction\jta\1.1\jta-1.1.jar;C:\Users\bioja\.m2\repository\javassist\javassist\3.4.GA\javassist-3.4.GA.jar;C:\Users\bioja\.m2\repository\mysql\mysql-connector-java\8.0.26\mysql-connector-java-8.0.26.jar;C:\Users\bioja\.m2\repository\com\google\protobuf\protobuf-java\3.11.4\protobuf-java-3.11.4.jar;C:\Users\bioja\.m2\repository\org\apache\struts\struts2-core\2.0.9\struts2-core-2.0.9.jar;C:\Users\bioja\.m2\repository\com\opensymphony\xwork\2.0.4\xwork-2.0.4.jar;C:\Users\bioja\.m2\repository\freemarker\freemarker\2.3.8\freemarker-2.3.8.jar;C:\Users\bioja\.m2\repository\opensymphony\ognl\2.6.11\ognl-2.6.11.jar;C:\Users\bioja\.m2\repository\commons-logging\commons-logging\1.0.4\commons-logging-1.0.4.jar;C:\Users\bioja\.m2\repository\org\apache\struts\struts2-sitemesh-plugin\2.0.9\struts2-sitemesh-plugin-2.0.9.jar;C:\Users\bioja\.m2\repository\opensymphony\sitemesh\2.2.1\sitemesh-2.2.1.jar;C:\Users\bioja\.m2\repository\org\apache\struts\struts2-spring-plugin\2.0.9\struts2-spring-plugin-2.0.9.jar;C:\Users\bioja\.m2\repository\org\springframework\spring-beans\2.0.5\spring-beans-2.0.5.jar;C:\Users\bioja\.m2\repository\org\springframework\spring-core\2.0.5\spring-core-2.0.5.jar;C:\Users\bioja\.m2\repository\org\springframework\spring-context\2.0.5\spring-context-2.0.5.jar;C:\Users\bioja\.m2\repository\aopalliance\aopalliance\1.0\aopalliance-1.0.jar;C:\Users\bioja\.m2\repository\org\springframework\spring-web\2.0.5\spring-web-2.0.5.jar;C:\Users\bioja\.m2\repository\displaytag\displaytag\1.1.1\displaytag-1.1.1.jar;C:\Users\bioja\.m2\repository\commons-collections\commons-collections\3.1\commons-collections-3.1.jar;C:\Users\bioja\.m2\repository\commons-lang\commons-lang\2.3\commons-lang-2.3.jar;C:\Users\bioja\.m2\repository\com\lowagie\itext\1.3\itext-1.3.jar;C:\Users\bioja\.m2\repository\commons-beanutils\commons-beanutils\1.7.0\commons-beanutils-1.7.0.jar;C:\Users\bioja\.m2\repository\org\slf4j\jcl104-over-slf4j\1.4.2\jcl104-over-slf4j-1.4.2.jar;C:\Users\bioja\.m2\repository\org\slf4j\slf4j-log4j12\1.4.2\slf4j-log4j12-1.4.2.jar;C:\Users\bioja\.m2\repository\log4j\log4j\1.2.13\log4j-1.2.13.jar;C:\Users\bioja\.m2\repository\javax\servlet\servlet-api\2.4\servlet-api-2.4.jar;C:\Users\bioja\.m2\repository\javax\servlet\jsp-api\2.0\jsp-api-2.0.jar;C:\Users\bioja\.m2\repository\javax\servlet\jstl\1.2\jstl-1.2.jar;C:\Users\bioja\.m2\repository\taglibs\standard\1.1.2\standard-1.1.2.jar;C:\Users\bioja\.m2\repository\commons-fileupload\commons-fileupload\1.1.1\commons-fileupload-1.1.1.jar;C:\Users\bioja\.m2\repository\commons-io\commons-io\1.1\commons-io-1.1.jar;, java.io.tmpdir=C:\Users\bioja\AppData\Local\Temp\, java.vendor.url.bug=http://bugreport.sun.com/bugreport/, os.arch=amd64, java.awt.graphicsenv=sun.awt.Win32GraphicsEnvironment, java.ext.dirs=C:\Program Files\Java\jdk1.8.0_141\jre\lib\ext;C:\WINDOWS\Sun\Java\lib\ext, user.dir=C:\Users\bioja\eclipse-workspace\tarefas, line.separator=
, java.vm.name=Java HotSpot(TM) 64-Bit Server VM, basedir=C:\Users\bioja\eclipse-workspace\tarefas, file.encoding=Cp1252, hibernate.use_identifier_rollback=false, java.specification.version=1.8}
2021-08-30 20:39:46,137 DEBUG [AbstractEntityPersister.java:2766] : Static SQL for entity: com.jadson.dev.tarefas.domain.Task
2021-08-30 20:39:46,137 DEBUG [AbstractEntityPersister.java:2771] :  Version select: select id from Task where id =?
2021-08-30 20:39:46,137 DEBUG [AbstractEntityPersister.java:2774] :  Snapshot select: select task_.id, task_.itemId as itemId3_, task_.location as location3_, task_.name as name3_, task_.resource as resource3_, task_.status as status3_ from Task task_ where task_.id=?
2021-08-30 20:39:46,137 DEBUG [AbstractEntityPersister.java:2777] :  Insert 0: insert into Task (itemId, location, name, resource, status, id) values (?, ?, ?, ?, ?, ?)
2021-08-30 20:39:46,137 DEBUG [AbstractEntityPersister.java:2778] :  Update 0: update Task set itemId=?, location=?, name=?, resource=?, status=? where id=?
2021-08-30 20:39:46,137 DEBUG [AbstractEntityPersister.java:2779] :  Delete 0: delete from Task where id=?
2021-08-30 20:39:46,141 DEBUG [AbstractEntityPersister.java:2766] : Static SQL for entity: com.jadson.dev.tarefas.domain.Project
2021-08-30 20:39:46,141 DEBUG [AbstractEntityPersister.java:2771] :  Version select: select id from Project where id =?
2021-08-30 20:39:46,141 DEBUG [AbstractEntityPersister.java:2774] :  Snapshot select: select project_.id, project_.description as descript2_0_, project_.lastDate as lastDate0_, project_.location as location0_, project_.name as name0_ from Project project_ where project_.id=?
2021-08-30 20:39:46,141 DEBUG [AbstractEntityPersister.java:2777] :  Insert 0: insert into Project (description, lastDate, location, name, id) values (?, ?, ?, ?, ?)
2021-08-30 20:39:46,141 DEBUG [AbstractEntityPersister.java:2778] :  Update 0: update Project set description=?, lastDate=?, location=?, name=? where id=?
2021-08-30 20:39:46,142 DEBUG [AbstractEntityPersister.java:2779] :  Delete 0: delete from Project where id=?
2021-08-30 20:39:46,142 DEBUG [AbstractEntityPersister.java:2783] :  Identity insert: insert into Project (description, lastDate, location, name) values (?, ?, ?, ?)
2021-08-30 20:39:46,143 DEBUG [AbstractEntityPersister.java:2766] : Static SQL for entity: com.jadson.dev.tarefas.domain.Item
2021-08-30 20:39:46,143 DEBUG [AbstractEntityPersister.java:2771] :  Version select: select id from Item where id =?
2021-08-30 20:39:46,143 DEBUG [AbstractEntityPersister.java:2774] :  Snapshot select: select item_.id, item_.description as descript2_2_, item_.iterationId as iteratio4_2_, item_.priority as priority2_ from Item item_ where item_.id=?
2021-08-30 20:39:46,144 DEBUG [AbstractEntityPersister.java:2777] :  Insert 0: insert into Item (description, iterationId, priority, id) values (?, ?, ?, ?)
2021-08-30 20:39:46,144 DEBUG [AbstractEntityPersister.java:2778] :  Update 0: update Item set description=?, iterationId=?, priority=? where id=?
2021-08-30 20:39:46,144 DEBUG [AbstractEntityPersister.java:2779] :  Delete 0: delete from Item where id=?
2021-08-30 20:39:46,145 DEBUG [AbstractEntityPersister.java:2766] : Static SQL for entity: com.jadson.dev.tarefas.domain.Iteration
2021-08-30 20:39:46,145 DEBUG [AbstractEntityPersister.java:2771] :  Version select: select id from Iteration where id =?
2021-08-30 20:39:46,146 DEBUG [AbstractEntityPersister.java:2774] :  Snapshot select: select iteration_.id, iteration_.endDate as endDate1_, iteration_.name as name1_, iteration_.projectId as projectId1_, iteration_.startDate as startDate1_ from Iteration iteration_ where iteration_.id=?
2021-08-30 20:39:46,146 DEBUG [AbstractEntityPersister.java:2777] :  Insert 0: insert into Iteration (endDate, name, projectId, startDate, id) values (?, ?, ?, ?, ?)
2021-08-30 20:39:46,146 DEBUG [AbstractEntityPersister.java:2778] :  Update 0: update Iteration set endDate=?, name=?, projectId=?, startDate=? where id=?
2021-08-30 20:39:46,146 DEBUG [AbstractEntityPersister.java:2779] :  Delete 0: delete from Iteration where id=?
2021-08-30 20:39:46,147 DEBUG [AbstractEntityPersister.java:2766] : Static SQL for entity: com.jadson.dev.tarefas.domain.User
2021-08-30 20:39:46,148 DEBUG [AbstractEntityPersister.java:2771] :  Version select: select id from tarefa.User where id =?
2021-08-30 20:39:46,148 DEBUG [AbstractEntityPersister.java:2774] :  Snapshot select: select user_.id, user_.city as city4_, user_.state as state4_, user_.street as street4_, user_.login as login4_, user_.name as name4_, user_.password as password4_, user_.role as role4_ from tarefa.User user_ where user_.id=?
2021-08-30 20:39:46,148 DEBUG [AbstractEntityPersister.java:2777] :  Insert 0: insert into tarefa.User (city, state, street, login, name, password, role, id) values (?, ?, ?, ?, ?, ?, ?, ?)
2021-08-30 20:39:46,148 DEBUG [AbstractEntityPersister.java:2778] :  Update 0: update tarefa.User set city=?, state=?, street=?, login=?, name=?, password=?, role=? where id=?
2021-08-30 20:39:46,148 DEBUG [AbstractEntityPersister.java:2779] :  Delete 0: delete from tarefa.User where id=?
2021-08-30 20:39:46,148 DEBUG [AbstractEntityPersister.java:2783] :  Identity insert: insert into tarefa.User (city, state, street, login, name, password, role) values (?, ?, ?, ?, ?, ?, ?)
2021-08-30 20:39:46,153 DEBUG [AbstractCollectionPersister.java:570] : Static SQL for collection: com.jadson.dev.tarefas.domain.Item.tasks
2021-08-30 20:39:46,153 DEBUG [AbstractCollectionPersister.java:572] :  Row insert: update Task set itemId=? where id=?
2021-08-30 20:39:46,153 DEBUG [AbstractCollectionPersister.java:578] :  Row delete: update Task set itemId=null where itemId=? and id=?
2021-08-30 20:39:46,153 DEBUG [AbstractCollectionPersister.java:581] :  One-shot delete: update Task set itemId=null where itemId=?
2021-08-30 20:39:46,153 DEBUG [AbstractCollectionPersister.java:570] : Static SQL for collection: com.jadson.dev.tarefas.domain.Iteration.itens
2021-08-30 20:39:46,154 DEBUG [AbstractCollectionPersister.java:572] :  Row insert: update Item set iterationId=? where id=?
2021-08-30 20:39:46,154 DEBUG [AbstractCollectionPersister.java:578] :  Row delete: update Item set iterationId=null where iterationId=? and id=?
2021-08-30 20:39:46,154 DEBUG [AbstractCollectionPersister.java:581] :  One-shot delete: update Item set iterationId=null where iterationId=?
2021-08-30 20:39:46,154 DEBUG [AbstractCollectionPersister.java:570] : Static SQL for collection: com.jadson.dev.tarefas.domain.Project.iterations
2021-08-30 20:39:46,154 DEBUG [AbstractCollectionPersister.java:572] :  Row insert: update Iteration set projectId=? where id=?
2021-08-30 20:39:46,154 DEBUG [AbstractCollectionPersister.java:578] :  Row delete: update Iteration set projectId=null where projectId=? and id=?
2021-08-30 20:39:46,155 DEBUG [AbstractCollectionPersister.java:581] :  One-shot delete: update Iteration set projectId=null where projectId=?
2021-08-30 20:39:46,167 DEBUG [EntityLoader.java:102] : Static select for entity com.jadson.dev.tarefas.domain.Task: select task0_.id as id3_2_, task0_.itemId as itemId3_2_, task0_.location as location3_2_, task0_.name as name3_2_, task0_.resource as resource3_2_, task0_.status as status3_2_, item1_.id as id2_0_, item1_.description as descript2_2_0_, item1_.iterationId as iteratio4_2_0_, item1_.priority as priority2_0_, iteration2_.id as id1_1_, iteration2_.endDate as endDate1_1_, iteration2_.name as name1_1_, iteration2_.projectId as projectId1_1_, iteration2_.startDate as startDate1_1_ from Task task0_ left outer join Item item1_ on task0_.itemId=item1_.id left outer join Iteration iteration2_ on item1_.iterationId=iteration2_.id where task0_.id=?
2021-08-30 20:39:46,167 DEBUG [EntityLoader.java:102] : Static select for entity com.jadson.dev.tarefas.domain.Task: select task0_.id as id3_2_, task0_.itemId as itemId3_2_, task0_.location as location3_2_, task0_.name as name3_2_, task0_.resource as resource3_2_, task0_.status as status3_2_, item1_.id as id2_0_, item1_.description as descript2_2_0_, item1_.iterationId as iteratio4_2_0_, item1_.priority as priority2_0_, iteration2_.id as id1_1_, iteration2_.endDate as endDate1_1_, iteration2_.name as name1_1_, iteration2_.projectId as projectId1_1_, iteration2_.startDate as startDate1_1_ from Task task0_ left outer join Item item1_ on task0_.itemId=item1_.id left outer join Iteration iteration2_ on item1_.iterationId=iteration2_.id where task0_.id=?
2021-08-30 20:39:46,167 DEBUG [EntityLoader.java:102] : Static select for entity com.jadson.dev.tarefas.domain.Task: select task0_.id as id3_0_, task0_.itemId as itemId3_0_, task0_.location as location3_0_, task0_.name as name3_0_, task0_.resource as resource3_0_, task0_.status as status3_0_ from Task task0_ where task0_.id=? for update
2021-08-30 20:39:46,167 DEBUG [EntityLoader.java:102] : Static select for entity com.jadson.dev.tarefas.domain.Task: select task0_.id as id3_0_, task0_.itemId as itemId3_0_, task0_.location as location3_0_, task0_.name as name3_0_, task0_.resource as resource3_0_, task0_.status as status3_0_ from Task task0_ where task0_.id=? for update
2021-08-30 20:39:46,168 DEBUG [EntityLoader.java:102] : Static select for entity com.jadson.dev.tarefas.domain.Task: select task0_.id as id3_0_, task0_.itemId as itemId3_0_, task0_.location as location3_0_, task0_.name as name3_0_, task0_.resource as resource3_0_, task0_.status as status3_0_ from Task task0_ where task0_.id=? for update
2021-08-30 20:39:46,172 DEBUG [CascadeEntityLoader.java:57] : Static select for action ACTION_MERGE on entity com.jadson.dev.tarefas.domain.Task: select task0_.id as id3_2_, task0_.itemId as itemId3_2_, task0_.location as location3_2_, task0_.name as name3_2_, task0_.resource as resource3_2_, task0_.status as status3_2_, item1_.id as id2_0_, item1_.description as descript2_2_0_, item1_.iterationId as iteratio4_2_0_, item1_.priority as priority2_0_, iteration2_.id as id1_1_, iteration2_.endDate as endDate1_1_, iteration2_.name as name1_1_, iteration2_.projectId as projectId1_1_, iteration2_.startDate as startDate1_1_ from Task task0_ left outer join Item item1_ on task0_.itemId=item1_.id left outer join Iteration iteration2_ on item1_.iterationId=iteration2_.id where task0_.id=?
2021-08-30 20:39:46,172 DEBUG [CascadeEntityLoader.java:57] : Static select for action ACTION_REFRESH on entity com.jadson.dev.tarefas.domain.Task: select task0_.id as id3_2_, task0_.itemId as itemId3_2_, task0_.location as location3_2_, task0_.name as name3_2_, task0_.resource as resource3_2_, task0_.status as status3_2_, item1_.id as id2_0_, item1_.description as descript2_2_0_, item1_.iterationId as iteratio4_2_0_, item1_.priority as priority2_0_, iteration2_.id as id1_1_, iteration2_.endDate as endDate1_1_, iteration2_.name as name1_1_, iteration2_.projectId as projectId1_1_, iteration2_.startDate as startDate1_1_ from Task task0_ left outer join Item item1_ on task0_.itemId=item1_.id left outer join Iteration iteration2_ on item1_.iterationId=iteration2_.id where task0_.id=?
2021-08-30 20:39:46,173 DEBUG [EntityLoader.java:102] : Static select for entity com.jadson.dev.tarefas.domain.Project: select project0_.id as id0_1_, project0_.description as descript2_0_1_, project0_.lastDate as lastDate0_1_, project0_.location as location0_1_, project0_.name as name0_1_, iterations1_.projectId as projectId3_, iterations1_.id as id3_, iterations1_.id as id1_0_, iterations1_.endDate as endDate1_0_, iterations1_.name as name1_0_, iterations1_.projectId as projectId1_0_, iterations1_.startDate as startDate1_0_ from Project project0_ left outer join Iteration iterations1_ on project0_.id=iterations1_.projectId where project0_.id=?
2021-08-30 20:39:46,173 DEBUG [EntityLoader.java:102] : Static select for entity com.jadson.dev.tarefas.domain.Project: select project0_.id as id0_1_, project0_.description as descript2_0_1_, project0_.lastDate as lastDate0_1_, project0_.location as location0_1_, project0_.name as name0_1_, iterations1_.projectId as projectId3_, iterations1_.id as id3_, iterations1_.id as id1_0_, iterations1_.endDate as endDate1_0_, iterations1_.name as name1_0_, iterations1_.projectId as projectId1_0_, iterations1_.startDate as startDate1_0_ from Project project0_ left outer join Iteration iterations1_ on project0_.id=iterations1_.projectId where project0_.id=?
2021-08-30 20:39:46,174 DEBUG [EntityLoader.java:102] : Static select for entity com.jadson.dev.tarefas.domain.Project: select project0_.id as id0_0_, project0_.description as descript2_0_0_, project0_.lastDate as lastDate0_0_, project0_.location as location0_0_, project0_.name as name0_0_ from Project project0_ where project0_.id=? for update
2021-08-30 20:39:46,174 DEBUG [EntityLoader.java:102] : Static select for entity com.jadson.dev.tarefas.domain.Project: select project0_.id as id0_0_, project0_.description as descript2_0_0_, project0_.lastDate as lastDate0_0_, project0_.location as location0_0_, project0_.name as name0_0_ from Project project0_ where project0_.id=? for update
2021-08-30 20:39:46,174 DEBUG [EntityLoader.java:102] : Static select for entity com.jadson.dev.tarefas.domain.Project: select project0_.id as id0_0_, project0_.description as descript2_0_0_, project0_.lastDate as lastDate0_0_, project0_.location as location0_0_, project0_.name as name0_0_ from Project project0_ where project0_.id=? for update
2021-08-30 20:39:46,174 DEBUG [CascadeEntityLoader.java:57] : Static select for action ACTION_MERGE on entity com.jadson.dev.tarefas.domain.Project: select project0_.id as id0_1_, project0_.description as descript2_0_1_, project0_.lastDate as lastDate0_1_, project0_.location as location0_1_, project0_.name as name0_1_, iterations1_.projectId as projectId3_, iterations1_.id as id3_, iterations1_.id as id1_0_, iterations1_.endDate as endDate1_0_, iterations1_.name as name1_0_, iterations1_.projectId as projectId1_0_, iterations1_.startDate as startDate1_0_ from Project project0_ left outer join Iteration iterations1_ on project0_.id=iterations1_.projectId where project0_.id=?
2021-08-30 20:39:46,174 DEBUG [CascadeEntityLoader.java:57] : Static select for action ACTION_REFRESH on entity com.jadson.dev.tarefas.domain.Project: select project0_.id as id0_1_, project0_.description as descript2_0_1_, project0_.lastDate as lastDate0_1_, project0_.location as location0_1_, project0_.name as name0_1_, iterations1_.projectId as projectId3_, iterations1_.id as id3_, iterations1_.id as id1_0_, iterations1_.endDate as endDate1_0_, iterations1_.name as name1_0_, iterations1_.projectId as projectId1_0_, iterations1_.startDate as startDate1_0_ from Project project0_ left outer join Iteration iterations1_ on project0_.id=iterations1_.projectId where project0_.id=?
2021-08-30 20:39:46,175 DEBUG [EntityLoader.java:102] : Static select for entity com.jadson.dev.tarefas.domain.Item: select item0_.id as id2_2_, item0_.description as descript2_2_2_, item0_.iterationId as iteratio4_2_2_, item0_.priority as priority2_2_, iteration1_.id as id1_0_, iteration1_.endDate as endDate1_0_, iteration1_.name as name1_0_, iteration1_.projectId as projectId1_0_, iteration1_.startDate as startDate1_0_, project2_.id as id0_1_, project2_.description as descript2_0_1_, project2_.lastDate as lastDate0_1_, project2_.location as location0_1_, project2_.name as name0_1_ from Item item0_ left outer join Iteration iteration1_ on item0_.iterationId=iteration1_.id left outer join Project project2_ on iteration1_.projectId=project2_.id where item0_.id=?
2021-08-30 20:39:46,175 DEBUG [EntityLoader.java:102] : Static select for entity com.jadson.dev.tarefas.domain.Item: select item0_.id as id2_2_, item0_.description as descript2_2_2_, item0_.iterationId as iteratio4_2_2_, item0_.priority as priority2_2_, iteration1_.id as id1_0_, iteration1_.endDate as endDate1_0_, iteration1_.name as name1_0_, iteration1_.projectId as projectId1_0_, iteration1_.startDate as startDate1_0_, project2_.id as id0_1_, project2_.description as descript2_0_1_, project2_.lastDate as lastDate0_1_, project2_.location as location0_1_, project2_.name as name0_1_ from Item item0_ left outer join Iteration iteration1_ on item0_.iterationId=iteration1_.id left outer join Project project2_ on iteration1_.projectId=project2_.id where item0_.id=?
2021-08-30 20:39:46,175 DEBUG [EntityLoader.java:102] : Static select for entity com.jadson.dev.tarefas.domain.Item: select item0_.id as id2_0_, item0_.description as descript2_2_0_, item0_.iterationId as iteratio4_2_0_, item0_.priority as priority2_0_ from Item item0_ where item0_.id=? for update
2021-08-30 20:39:46,175 DEBUG [EntityLoader.java:102] : Static select for entity com.jadson.dev.tarefas.domain.Item: select item0_.id as id2_0_, item0_.description as descript2_2_0_, item0_.iterationId as iteratio4_2_0_, item0_.priority as priority2_0_ from Item item0_ where item0_.id=? for update
2021-08-30 20:39:46,175 DEBUG [EntityLoader.java:102] : Static select for entity com.jadson.dev.tarefas.domain.Item: select item0_.id as id2_0_, item0_.description as descript2_2_0_, item0_.iterationId as iteratio4_2_0_, item0_.priority as priority2_0_ from Item item0_ where item0_.id=? for update
2021-08-30 20:39:46,176 DEBUG [CascadeEntityLoader.java:57] : Static select for action ACTION_MERGE on entity com.jadson.dev.tarefas.domain.Item: select item0_.id as id2_3_, item0_.description as descript2_2_3_, item0_.iterationId as iteratio4_2_3_, item0_.priority as priority2_3_, iteration1_.id as id1_0_, iteration1_.endDate as endDate1_0_, iteration1_.name as name1_0_, iteration1_.projectId as projectId1_0_, iteration1_.startDate as startDate1_0_, project2_.id as id0_1_, project2_.description as descript2_0_1_, project2_.lastDate as lastDate0_1_, project2_.location as location0_1_, project2_.name as name0_1_, tasks3_.itemId as itemId5_, tasks3_.id as id5_, tasks3_.id as id3_2_, tasks3_.itemId as itemId3_2_, tasks3_.location as location3_2_, tasks3_.name as name3_2_, tasks3_.resource as resource3_2_, tasks3_.status as status3_2_ from Item item0_ left outer join Iteration iteration1_ on item0_.iterationId=iteration1_.id left outer join Project project2_ on iteration1_.projectId=project2_.id left outer join Task tasks3_ on item0_.id=tasks3_.itemId where item0_.id=?
2021-08-30 20:39:46,176 DEBUG [CascadeEntityLoader.java:57] : Static select for action ACTION_REFRESH on entity com.jadson.dev.tarefas.domain.Item: select item0_.id as id2_3_, item0_.description as descript2_2_3_, item0_.iterationId as iteratio4_2_3_, item0_.priority as priority2_3_, iteration1_.id as id1_0_, iteration1_.endDate as endDate1_0_, iteration1_.name as name1_0_, iteration1_.projectId as projectId1_0_, iteration1_.startDate as startDate1_0_, project2_.id as id0_1_, project2_.description as descript2_0_1_, project2_.lastDate as lastDate0_1_, project2_.location as location0_1_, project2_.name as name0_1_, tasks3_.itemId as itemId5_, tasks3_.id as id5_, tasks3_.id as id3_2_, tasks3_.itemId as itemId3_2_, tasks3_.location as location3_2_, tasks3_.name as name3_2_, tasks3_.resource as resource3_2_, tasks3_.status as status3_2_ from Item item0_ left outer join Iteration iteration1_ on item0_.iterationId=iteration1_.id left outer join Project project2_ on iteration1_.projectId=project2_.id left outer join Task tasks3_ on item0_.id=tasks3_.itemId where item0_.id=?
2021-08-30 20:39:46,176 DEBUG [EntityLoader.java:102] : Static select for entity com.jadson.dev.tarefas.domain.Iteration: select iteration0_.id as id1_1_, iteration0_.endDate as endDate1_1_, iteration0_.name as name1_1_, iteration0_.projectId as projectId1_1_, iteration0_.startDate as startDate1_1_, project1_.id as id0_0_, project1_.description as descript2_0_0_, project1_.lastDate as lastDate0_0_, project1_.location as location0_0_, project1_.name as name0_0_ from Iteration iteration0_ left outer join Project project1_ on iteration0_.projectId=project1_.id where iteration0_.id=?
2021-08-30 20:39:46,177 DEBUG [EntityLoader.java:102] : Static select for entity com.jadson.dev.tarefas.domain.Iteration: select iteration0_.id as id1_1_, iteration0_.endDate as endDate1_1_, iteration0_.name as name1_1_, iteration0_.projectId as projectId1_1_, iteration0_.startDate as startDate1_1_, project1_.id as id0_0_, project1_.description as descript2_0_0_, project1_.lastDate as lastDate0_0_, project1_.location as location0_0_, project1_.name as name0_0_ from Iteration iteration0_ left outer join Project project1_ on iteration0_.projectId=project1_.id where iteration0_.id=?
2021-08-30 20:39:46,177 DEBUG [EntityLoader.java:102] : Static select for entity com.jadson.dev.tarefas.domain.Iteration: select iteration0_.id as id1_0_, iteration0_.endDate as endDate1_0_, iteration0_.name as name1_0_, iteration0_.projectId as projectId1_0_, iteration0_.startDate as startDate1_0_ from Iteration iteration0_ where iteration0_.id=? for update
2021-08-30 20:39:46,177 DEBUG [EntityLoader.java:102] : Static select for entity com.jadson.dev.tarefas.domain.Iteration: select iteration0_.id as id1_0_, iteration0_.endDate as endDate1_0_, iteration0_.name as name1_0_, iteration0_.projectId as projectId1_0_, iteration0_.startDate as startDate1_0_ from Iteration iteration0_ where iteration0_.id=? for update
2021-08-30 20:39:46,177 DEBUG [EntityLoader.java:102] : Static select for entity com.jadson.dev.tarefas.domain.Iteration: select iteration0_.id as id1_0_, iteration0_.endDate as endDate1_0_, iteration0_.name as name1_0_, iteration0_.projectId as projectId1_0_, iteration0_.startDate as startDate1_0_ from Iteration iteration0_ where iteration0_.id=? for update
2021-08-30 20:39:46,177 DEBUG [CascadeEntityLoader.java:57] : Static select for action ACTION_MERGE on entity com.jadson.dev.tarefas.domain.Iteration: select iteration0_.id as id1_2_, iteration0_.endDate as endDate1_2_, iteration0_.name as name1_2_, iteration0_.projectId as projectId1_2_, iteration0_.startDate as startDate1_2_, itens1_.iterationId as iteratio4_4_, itens1_.id as id4_, itens1_.id as id2_0_, itens1_.description as descript2_2_0_, itens1_.iterationId as iteratio4_2_0_, itens1_.priority as priority2_0_, project2_.id as id0_1_, project2_.description as descript2_0_1_, project2_.lastDate as lastDate0_1_, project2_.location as location0_1_, project2_.name as name0_1_ from Iteration iteration0_ left outer join Item itens1_ on iteration0_.id=itens1_.iterationId left outer join Project project2_ on iteration0_.projectId=project2_.id where iteration0_.id=?
2021-08-30 20:39:46,178 DEBUG [CascadeEntityLoader.java:57] : Static select for action ACTION_REFRESH on entity com.jadson.dev.tarefas.domain.Iteration: select iteration0_.id as id1_2_, iteration0_.endDate as endDate1_2_, iteration0_.name as name1_2_, iteration0_.projectId as projectId1_2_, iteration0_.startDate as startDate1_2_, itens1_.iterationId as iteratio4_4_, itens1_.id as id4_, itens1_.id as id2_0_, itens1_.description as descript2_2_0_, itens1_.iterationId as iteratio4_2_0_, itens1_.priority as priority2_0_, project2_.id as id0_1_, project2_.description as descript2_0_1_, project2_.lastDate as lastDate0_1_, project2_.location as location0_1_, project2_.name as name0_1_ from Iteration iteration0_ left outer join Item itens1_ on iteration0_.id=itens1_.iterationId left outer join Project project2_ on iteration0_.projectId=project2_.id where iteration0_.id=?
2021-08-30 20:39:46,178 DEBUG [EntityLoader.java:102] : Static select for entity com.jadson.dev.tarefas.domain.User: select user0_.id as id4_0_, user0_.city as city4_0_, user0_.state as state4_0_, user0_.street as street4_0_, user0_.login as login4_0_, user0_.name as name4_0_, user0_.password as password4_0_, user0_.role as role4_0_ from tarefa.User user0_ where user0_.id=?
2021-08-30 20:39:46,178 DEBUG [EntityLoader.java:102] : Static select for entity com.jadson.dev.tarefas.domain.User: select user0_.id as id4_0_, user0_.city as city4_0_, user0_.state as state4_0_, user0_.street as street4_0_, user0_.login as login4_0_, user0_.name as name4_0_, user0_.password as password4_0_, user0_.role as role4_0_ from tarefa.User user0_ where user0_.id=?
2021-08-30 20:39:46,178 DEBUG [EntityLoader.java:102] : Static select for entity com.jadson.dev.tarefas.domain.User: select user0_.id as id4_0_, user0_.city as city4_0_, user0_.state as state4_0_, user0_.street as street4_0_, user0_.login as login4_0_, user0_.name as name4_0_, user0_.password as password4_0_, user0_.role as role4_0_ from tarefa.User user0_ where user0_.id=? for update
2021-08-30 20:39:46,178 DEBUG [EntityLoader.java:102] : Static select for entity com.jadson.dev.tarefas.domain.User: select user0_.id as id4_0_, user0_.city as city4_0_, user0_.state as state4_0_, user0_.street as street4_0_, user0_.login as login4_0_, user0_.name as name4_0_, user0_.password as password4_0_, user0_.role as role4_0_ from tarefa.User user0_ where user0_.id=? for update
2021-08-30 20:39:46,179 DEBUG [EntityLoader.java:102] : Static select for entity com.jadson.dev.tarefas.domain.User: select user0_.id as id4_0_, user0_.city as city4_0_, user0_.state as state4_0_, user0_.street as street4_0_, user0_.login as login4_0_, user0_.name as name4_0_, user0_.password as password4_0_, user0_.role as role4_0_ from tarefa.User user0_ where user0_.id=? for update
2021-08-30 20:39:46,179 DEBUG [CascadeEntityLoader.java:57] : Static select for action ACTION_MERGE on entity com.jadson.dev.tarefas.domain.User: select user0_.id as id4_0_, user0_.city as city4_0_, user0_.state as state4_0_, user0_.street as street4_0_, user0_.login as login4_0_, user0_.name as name4_0_, user0_.password as password4_0_, user0_.role as role4_0_ from tarefa.User user0_ where user0_.id=?
2021-08-30 20:39:46,179 DEBUG [CascadeEntityLoader.java:57] : Static select for action ACTION_REFRESH on entity com.jadson.dev.tarefas.domain.User: select user0_.id as id4_0_, user0_.city as city4_0_, user0_.state as state4_0_, user0_.street as street4_0_, user0_.login as login4_0_, user0_.name as name4_0_, user0_.password as password4_0_, user0_.role as role4_0_ from tarefa.User user0_ where user0_.id=?
2021-08-30 20:39:46,182 DEBUG [OneToManyLoader.java:87] : Static select for one-to-many com.jadson.dev.tarefas.domain.Item.tasks: select tasks0_.itemId as itemId1_, tasks0_.id as id1_, tasks0_.id as id3_0_, tasks0_.itemId as itemId3_0_, tasks0_.location as location3_0_, tasks0_.name as name3_0_, tasks0_.resource as resource3_0_, tasks0_.status as status3_0_ from Task tasks0_ where tasks0_.itemId=?
2021-08-30 20:39:46,182 DEBUG [OneToManyLoader.java:87] : Static select for one-to-many com.jadson.dev.tarefas.domain.Iteration.itens: select itens0_.iterationId as iteratio4_1_, itens0_.id as id1_, itens0_.id as id2_0_, itens0_.description as descript2_2_0_, itens0_.iterationId as iteratio4_2_0_, itens0_.priority as priority2_0_ from Item itens0_ where itens0_.iterationId=?
2021-08-30 20:39:46,182 DEBUG [OneToManyLoader.java:87] : Static select for one-to-many com.jadson.dev.tarefas.domain.Project.iterations: select iterations0_.projectId as projectId1_, iterations0_.id as id1_, iterations0_.id as id1_0_, iterations0_.endDate as endDate1_0_, iterations0_.name as name1_0_, iterations0_.projectId as projectId1_0_, iterations0_.startDate as startDate1_0_ from Iteration iterations0_ where iterations0_.projectId=?
2021-08-30 20:39:46,183 DEBUG [SessionFactoryObjectFactory.java:62] : initializing class SessionFactoryObjectFactory
2021-08-30 20:39:46,184 DEBUG [SessionFactoryObjectFactory.java:99] : registered: 4028808a7b996ee2017b996ee2860000 (unnamed)
2021-08-30 20:39:46,184 INFO  [SessionFactoryObjectFactory.java:105] : Not binding factory to JNDI, no JNDI name configured
2021-08-30 20:39:46,184 DEBUG [SessionFactoryImpl.java:340] : instantiated session factory
2021-08-30 20:39:46,186 DEBUG [AnnotationConfiguration.java:258] : Execute first pass mapping processing
2021-08-30 20:39:46,186 DEBUG [AnnotationConfiguration.java:529] : Process hbm files
2021-08-30 20:39:46,186 DEBUG [AnnotationConfiguration.java:537] : Process annotated classes
2021-08-30 20:39:46,186 DEBUG [AnnotationConfiguration.java:401] : processing fk mappings (*ToOne and JoinedSubclass)
2021-08-30 20:39:46,186 DEBUG [Configuration.java:1153] : processing extends queue
2021-08-30 20:39:46,186 DEBUG [Configuration.java:1157] : processing collection mappings
2021-08-30 20:39:46,186 DEBUG [Configuration.java:1168] : processing native query and ResultSetMapping mappings
2021-08-30 20:39:46,186 DEBUG [Configuration.java:1176] : processing association property references
2021-08-30 20:39:46,186 DEBUG [Configuration.java:1198] : processing foreign key constraints
2021-08-30 20:39:46,186 DEBUG [Configuration.java:1281] : resolving reference to class: com.jadson.dev.tarefas.domain.Iteration
2021-08-30 20:39:46,186 DEBUG [Configuration.java:1281] : resolving reference to class: com.jadson.dev.tarefas.domain.Project
2021-08-30 20:39:46,187 DEBUG [Configuration.java:1281] : resolving reference to class: com.jadson.dev.tarefas.domain.Item
2021-08-30 20:39:46,187 DEBUG [AnnotationConfiguration.java:258] : Execute first pass mapping processing
2021-08-30 20:39:46,187 DEBUG [AnnotationConfiguration.java:529] : Process hbm files
2021-08-30 20:39:46,187 DEBUG [AnnotationConfiguration.java:537] : Process annotated classes
2021-08-30 20:39:46,187 DEBUG [AnnotationConfiguration.java:401] : processing fk mappings (*ToOne and JoinedSubclass)
2021-08-30 20:39:46,188 DEBUG [Configuration.java:1153] : processing extends queue
2021-08-30 20:39:46,188 DEBUG [Configuration.java:1157] : processing collection mappings
2021-08-30 20:39:46,188 DEBUG [Configuration.java:1168] : processing native query and ResultSetMapping mappings
2021-08-30 20:39:46,188 DEBUG [Configuration.java:1176] : processing association property references
2021-08-30 20:39:46,188 DEBUG [Configuration.java:1198] : processing foreign key constraints
2021-08-30 20:39:46,188 DEBUG [Configuration.java:1281] : resolving reference to class: com.jadson.dev.tarefas.domain.Iteration
2021-08-30 20:39:46,188 DEBUG [Configuration.java:1281] : resolving reference to class: com.jadson.dev.tarefas.domain.Project
2021-08-30 20:39:46,188 DEBUG [Configuration.java:1281] : resolving reference to class: com.jadson.dev.tarefas.domain.Item
2021-08-30 20:39:46,191 INFO  [SchemaExport.java:226] : Running hbm2ddl schema export
2021-08-30 20:39:46,192 DEBUG [SchemaExport.java:242] : import file not found: /import.sql
2021-08-30 20:39:46,192 INFO  [SchemaExport.java:251] : exporting generated schema to database
2021-08-30 20:39:46,199 DEBUG [SchemaExport.java:377] : alter table Item drop foreign key FK22EF3388B64EF6
2021-08-30 20:39:46,217 DEBUG [SchemaExport.java:377] : alter table Iteration drop foreign key FK770EBD687B4CAE
2021-08-30 20:39:46,228 DEBUG [SchemaExport.java:377] : alter table Task drop foreign key FK27A9A54D1F0A80
2021-08-30 20:39:46,240 DEBUG [SchemaExport.java:377] : drop table if exists Item
2021-08-30 20:39:46,256 DEBUG [SchemaExport.java:377] : drop table if exists Iteration
2021-08-30 20:39:46,274 DEBUG [SchemaExport.java:377] : drop table if exists Project
2021-08-30 20:39:46,289 DEBUG [SchemaExport.java:377] : drop table if exists Task
2021-08-30 20:39:46,306 DEBUG [SchemaExport.java:377] : drop table if exists tarefa.User
2021-08-30 20:39:46,315 DEBUG [SchemaExport.java:377] : create table Item (id integer not null, description varchar(255), priority integer not null, iterationId integer, primary key (id))
2021-08-30 20:39:46,342 DEBUG [SchemaExport.java:377] : create table Iteration (id integer not null, endDate datetime not null, name varchar(255), startDate datetime not null, projectId integer, primary key (id))
2021-08-30 20:39:46,368 DEBUG [SchemaExport.java:377] : create table Project (id integer not null auto_increment, description varchar(255), lastDate datetime, location varchar(255), name varchar(255), primary key (id))
2021-08-30 20:39:46,395 DEBUG [SchemaExport.java:377] : create table Task (id integer not null, location varchar(255), name varchar(255), resource integer not null, status varchar(255), itemId integer, primary key (id))
2021-08-30 20:39:46,422 DEBUG [SchemaExport.java:377] : create table tarefa.User (id integer not null auto_increment, city varchar(255), state varchar(255), street varchar(255), login varchar(255) not null unique, name varchar(255) not null, password varchar(255), role varchar(255), primary key (id))
2021-08-30 20:39:46,427 ERROR [SchemaExport.java:348] : Unsuccessful: create table tarefa.User (id integer not null auto_increment, city varchar(255), state varchar(255), street varchar(255), login varchar(255) not null unique, name varchar(255) not null, password varchar(255), role varchar(255), primary key (id))
2021-08-30 20:39:46,427 ERROR [SchemaExport.java:349] : Unknown database &apos;tarefa&apos;
2021-08-30 20:39:46,427 DEBUG [SchemaExport.java:377] : alter table Item add index FK22EF3388B64EF6 (iterationId), add constraint FK22EF3388B64EF6 foreign key (iterationId) references Iteration (id)
2021-08-30 20:39:46,512 DEBUG [SchemaExport.java:377] : alter table Iteration add index FK770EBD687B4CAE (projectId), add constraint FK770EBD687B4CAE foreign key (projectId) references Project (id)
2021-08-30 20:39:46,574 DEBUG [SchemaExport.java:377] : alter table Task add index FK27A9A54D1F0A80 (itemId), add constraint FK27A9A54D1F0A80 foreign key (itemId) references Item (id)
2021-08-30 20:39:46,687 INFO  [SchemaExport.java:268] : schema export complete
2021-08-30 20:39:46,687 DEBUG [SessionFactoryImpl.java:426] : Checking 4 named HQL queries
2021-08-30 20:39:46,687 DEBUG [SessionFactoryImpl.java:434] : Checking named query: Iteration.getLastId
2021-08-30 20:39:46,743 DEBUG [QueryTranslatorImpl.java:269] : parse() - HQL: SELECT i FROM com.jadson.dev.tarefas.domain.Iteration i where i.id = (select MAX(i.id) from com.jadson.dev.tarefas.domain.Iteration i)
2021-08-30 20:39:46,753 DEBUG [QueryTranslatorImpl.java:289] : --- HQL AST ---
 \-[QUERY] &apos;query&apos;
    +-[SELECT_FROM] &apos;SELECT_FROM&apos;
    |  +-[FROM] &apos;FROM&apos;
    |  |  \-[RANGE] &apos;RANGE&apos;
    |  |     +-[DOT] &apos;.&apos;
    |  |     |  +-[DOT] &apos;.&apos;
    |  |     |  |  +-[DOT] &apos;.&apos;
    |  |     |  |  |  +-[DOT] &apos;.&apos;
    |  |     |  |  |  |  +-[DOT] &apos;.&apos;
    |  |     |  |  |  |  |  +-[IDENT] &apos;com&apos;
    |  |     |  |  |  |  |  \-[IDENT] &apos;jadson&apos;
    |  |     |  |  |  |  \-[IDENT] &apos;dev&apos;
    |  |     |  |  |  \-[IDENT] &apos;tarefas&apos;
    |  |     |  |  \-[IDENT] &apos;domain&apos;
    |  |     |  \-[IDENT] &apos;Iteration&apos;
    |  |     \-[ALIAS] &apos;i&apos;
    |  \-[SELECT] &apos;SELECT&apos;
    |     \-[IDENT] &apos;i&apos;
    \-[WHERE] &apos;where&apos;
       \-[EQ] &apos;=&apos;
          +-[DOT] &apos;.&apos;
          |  +-[IDENT] &apos;i&apos;
          |  \-[IDENT] &apos;id&apos;
          \-[QUERY] &apos;query&apos;
             \-[SELECT_FROM] &apos;SELECT_FROM&apos;
                +-[FROM] &apos;from&apos;
                |  \-[RANGE] &apos;RANGE&apos;
                |     +-[DOT] &apos;.&apos;
                |     |  +-[DOT] &apos;.&apos;
                |     |  |  +-[DOT] &apos;.&apos;
                |     |  |  |  +-[DOT] &apos;.&apos;
                |     |  |  |  |  +-[DOT] &apos;.&apos;
                |     |  |  |  |  |  +-[IDENT] &apos;com&apos;
                |     |  |  |  |  |  \-[IDENT] &apos;jadson&apos;
                |     |  |  |  |  \-[IDENT] &apos;dev&apos;
                |     |  |  |  \-[IDENT] &apos;tarefas&apos;
                |     |  |  \-[IDENT] &apos;domain&apos;
                |     |  \-[IDENT] &apos;Iteration&apos;
                |     \-[ALIAS] &apos;i&apos;
                \-[SELECT] &apos;select&apos;
                   \-[AGGREGATE] &apos;MAX&apos;
                      \-[DOT] &apos;.&apos;
                         +-[IDENT] &apos;i&apos;
                         \-[IDENT] &apos;id&apos;

2021-08-30 20:39:46,753 DEBUG [ErrorCounter.java:91] : throwQueryException() : no errors
2021-08-30 20:39:46,772 DEBUG [HqlSqlBaseWalker.java:111] : select &lt;&lt; begin [level=1, statement=select]
2021-08-30 20:39:46,781 DEBUG [FromElement.java:129] : FromClause{level=1} :  com.jadson.dev.tarefas.domain.Iteration (i) -&gt; iteration0_
2021-08-30 20:39:46,782 DEBUG [FromReferenceNode.java:74] : Resolved :  i -&gt; iteration0_.id
2021-08-30 20:39:46,784 DEBUG [FromReferenceNode.java:74] : Resolved :  i -&gt; iteration0_.id
2021-08-30 20:39:46,785 DEBUG [DotNode.java:591] : getDataType() : id -&gt; org.hibernate.type.IntegerType@39a8312f
2021-08-30 20:39:46,785 DEBUG [FromReferenceNode.java:74] : Resolved :  i.id -&gt; iteration0_.id
2021-08-30 20:39:46,786 DEBUG [HqlSqlBaseWalker.java:111] : select &lt;&lt; begin [level=2, statement=select]
2021-08-30 20:39:46,786 DEBUG [FromElement.java:129] : FromClause{level=2} :  com.jadson.dev.tarefas.domain.Iteration (i) -&gt; iteration1_
2021-08-30 20:39:46,787 DEBUG [FromReferenceNode.java:74] : Resolved :  i -&gt; iteration1_.id
2021-08-30 20:39:46,787 DEBUG [DotNode.java:591] : getDataType() : id -&gt; org.hibernate.type.IntegerType@39a8312f
2021-08-30 20:39:46,787 DEBUG [FromReferenceNode.java:74] : Resolved :  i.id -&gt; iteration1_.id
2021-08-30 20:39:46,787 DEBUG [HqlSqlBaseWalker.java:117] : select : finishing up [level=2, statement=select]
2021-08-30 20:39:46,787 DEBUG [HqlSqlWalker.java:531] : processQuery() :  ( SELECT ( {select clause} ( MAX ( iteration1_.id iteration1_.id id ) ) ) ( FromClause{level=2} Iteration iteration1_ ) )
2021-08-30 20:39:46,791 DEBUG [JoinProcessor.java:171] : Using FROM fragment [Iteration iteration1_]
2021-08-30 20:39:46,791 DEBUG [HqlSqlBaseWalker.java:123] : select &gt;&gt; end [level=2, statement=select]
2021-08-30 20:39:46,791 DEBUG [HqlSqlBaseWalker.java:117] : select : finishing up [level=1, statement=select]
2021-08-30 20:39:46,792 DEBUG [HqlSqlWalker.java:531] : processQuery() :  ( SELECT ( {select clause} iteration0_.id ) ( FromClause{level=1} Iteration iteration0_ ) ( where ( = ( iteration0_.id iteration0_.id id ) ( SELECT ( {select clause} ( MAX ( iteration1_.id iteration1_.id id ) ) ) ( FromClause{level=2} Iteration iteration1_ ) ) ) ) )
2021-08-30 20:39:46,792 DEBUG [JoinProcessor.java:171] : Using FROM fragment [Iteration iteration0_]
2021-08-30 20:39:46,793 DEBUG [HqlSqlBaseWalker.java:123] : select &gt;&gt; end [level=1, statement=select]
2021-08-30 20:39:46,794 DEBUG [QueryTranslatorImpl.java:255] : --- SQL AST ---
 \-[SELECT] QueryNode: &apos;SELECT&apos;  querySpaces (Iteration)
    +-[SELECT_CLAUSE] SelectClause: &apos;{select clause}&apos;
    |  +-[ALIAS_REF] IdentNode: &apos;iteration0_.id as id1_&apos; {alias=i, className=com.jadson.dev.tarefas.domain.Iteration, tableAlias=iteration0_}
    |  \-[SQL_TOKEN] SqlFragment: &apos;iteration0_.endDate as endDate1_, iteration0_.name as name1_, iteration0_.projectId as projectId1_, iteration0_.startDate as startDate1_&apos;
    +-[FROM] FromClause: &apos;FROM&apos; FromClause{level=1, fromElementCounter=1, fromElements=1, fromElementByClassAlias=[i], fromElementByTableAlias=[iteration0_], fromElementsByPath=[], collectionJoinFromElementsByPath=[], impliedElements=[]}
    |  \-[FROM_FRAGMENT] FromElement: &apos;Iteration iteration0_&apos; FromElement{explicit,not a collection join,not a fetch join,fetch non-lazy properties,classAlias=i,role=null,tableName=Iteration,tableAlias=iteration0_,origin=null,colums={,className=com.jadson.dev.tarefas.domain.Iteration}}
    \-[WHERE] SqlNode: &apos;where&apos;
       \-[EQ] BinaryLogicOperatorNode: &apos;=&apos;
          +-[DOT] DotNode: &apos;iteration0_.id&apos; {propertyName=id,dereferenceType=4,propertyPath=id,path=i.id,tableAlias=iteration0_,className=com.jadson.dev.tarefas.domain.Iteration,classAlias=i}
          |  +-[ALIAS_REF] IdentNode: &apos;iteration0_.id&apos; {alias=i, className=com.jadson.dev.tarefas.domain.Iteration, tableAlias=iteration0_}
          |  \-[IDENT] IdentNode: &apos;id&apos; {originalText=id}
          \-[SELECT] QueryNode: &apos;SELECT&apos;  querySpaces (Iteration)
             +-[SELECT_CLAUSE] SelectClause: &apos;{select clause}&apos;
             |  \-[AGGREGATE] AggregateNode: &apos;MAX&apos;
             |     \-[DOT] DotNode: &apos;iteration1_.id&apos; {propertyName=id,dereferenceType=4,propertyPath=id,path=i.id,tableAlias=iteration1_,className=com.jadson.dev.tarefas.domain.Iteration,classAlias=i}
             |        +-[ALIAS_REF] IdentNode: &apos;iteration1_.id&apos; {alias=i, className=com.jadson.dev.tarefas.domain.Iteration, tableAlias=iteration1_}
             |        \-[IDENT] IdentNode: &apos;id&apos; {originalText=id}
             \-[FROM] FromClause: &apos;from&apos; FromClause{level=2, fromElementCounter=1, fromElements=1, fromElementByClassAlias=[i], fromElementByTableAlias=[iteration1_], fromElementsByPath=[], collectionJoinFromElementsByPath=[], impliedElements=[]}
                \-[FROM_FRAGMENT] FromElement: &apos;Iteration iteration1_&apos; FromElement{explicit,not a collection join,not a fetch join,fetch non-lazy properties,classAlias=i,role=null,tableName=Iteration,tableAlias=iteration1_,origin=null,colums={,className=com.jadson.dev.tarefas.domain.Iteration}}

2021-08-30 20:39:46,794 DEBUG [ErrorCounter.java:91] : throwQueryException() : no errors
2021-08-30 20:39:46,800 DEBUG [QueryTranslatorImpl.java:239] : HQL: SELECT i FROM com.jadson.dev.tarefas.domain.Iteration i where i.id = (select MAX(i.id) from com.jadson.dev.tarefas.domain.Iteration i)
2021-08-30 20:39:46,800 DEBUG [QueryTranslatorImpl.java:240] : SQL: select iteration0_.id as id1_, iteration0_.endDate as endDate1_, iteration0_.name as name1_, iteration0_.projectId as projectId1_, iteration0_.startDate as startDate1_ from Iteration iteration0_ where iteration0_.id=(select MAX(iteration1_.id) from Iteration iteration1_)
2021-08-30 20:39:46,800 DEBUG [ErrorCounter.java:91] : throwQueryException() : no errors
2021-08-30 20:39:46,805 DEBUG [SessionFactoryImpl.java:434] : Checking named query: User.getByLogin
2021-08-30 20:39:46,805 DEBUG [QueryTranslatorImpl.java:269] : parse() - HQL: SELECT u FROM com.jadson.dev.tarefas.domain.User u WHERE u.login = :login and u.password = :password
2021-08-30 20:39:46,807 DEBUG [QueryTranslatorImpl.java:289] : --- HQL AST ---
 \-[QUERY] &apos;query&apos;
    +-[SELECT_FROM] &apos;SELECT_FROM&apos;
    |  +-[FROM] &apos;FROM&apos;
    |  |  \-[RANGE] &apos;RANGE&apos;
    |  |     +-[DOT] &apos;.&apos;
    |  |     |  +-[DOT] &apos;.&apos;
    |  |     |  |  +-[DOT] &apos;.&apos;
    |  |     |  |  |  +-[DOT] &apos;.&apos;
    |  |     |  |  |  |  +-[DOT] &apos;.&apos;
    |  |     |  |  |  |  |  +-[IDENT] &apos;com&apos;
    |  |     |  |  |  |  |  \-[IDENT] &apos;jadson&apos;
    |  |     |  |  |  |  \-[IDENT] &apos;dev&apos;
    |  |     |  |  |  \-[IDENT] &apos;tarefas&apos;
    |  |     |  |  \-[IDENT] &apos;domain&apos;
    |  |     |  \-[IDENT] &apos;User&apos;
    |  |     \-[ALIAS] &apos;u&apos;
    |  \-[SELECT] &apos;SELECT&apos;
    |     \-[IDENT] &apos;u&apos;
    \-[WHERE] &apos;WHERE&apos;
       \-[AND] &apos;and&apos;
          +-[EQ] &apos;=&apos;
          |  +-[DOT] &apos;.&apos;
          |  |  +-[IDENT] &apos;u&apos;
          |  |  \-[IDENT] &apos;login&apos;
          |  \-[COLON] &apos;:&apos;
          |     \-[IDENT] &apos;login&apos;
          \-[EQ] &apos;=&apos;
             +-[DOT] &apos;.&apos;
             |  +-[IDENT] &apos;u&apos;
             |  \-[IDENT] &apos;password&apos;
             \-[COLON] &apos;:&apos;
                \-[IDENT] &apos;password&apos;

2021-08-30 20:39:46,807 DEBUG [ErrorCounter.java:91] : throwQueryException() : no errors
2021-08-30 20:39:46,807 DEBUG [HqlSqlBaseWalker.java:111] : select &lt;&lt; begin [level=1, statement=select]
2021-08-30 20:39:46,808 DEBUG [FromElement.java:129] : FromClause{level=1} :  com.jadson.dev.tarefas.domain.User (u) -&gt; user0_
2021-08-30 20:39:46,808 DEBUG [FromReferenceNode.java:74] : Resolved :  u -&gt; user0_.id
2021-08-30 20:39:46,808 DEBUG [FromReferenceNode.java:74] : Resolved :  u -&gt; user0_.id
2021-08-30 20:39:46,808 DEBUG [DotNode.java:591] : getDataType() : login -&gt; org.hibernate.type.StringType@7966baa7
2021-08-30 20:39:46,808 DEBUG [FromReferenceNode.java:74] : Resolved :  u.login -&gt; user0_.login
2021-08-30 20:39:46,810 DEBUG [FromReferenceNode.java:74] : Resolved :  u -&gt; user0_.id
2021-08-30 20:39:46,810 DEBUG [DotNode.java:591] : getDataType() : password -&gt; org.hibernate.type.StringType@7966baa7
2021-08-30 20:39:46,810 DEBUG [FromReferenceNode.java:74] : Resolved :  u.password -&gt; user0_.password
2021-08-30 20:39:46,810 DEBUG [HqlSqlBaseWalker.java:117] : select : finishing up [level=1, statement=select]
2021-08-30 20:39:46,810 DEBUG [HqlSqlWalker.java:531] : processQuery() :  ( SELECT ( {select clause} user0_.id ) ( FromClause{level=1} tarefa.User user0_ ) ( WHERE ( and ( = ( user0_.login user0_.id login ) ? ) ( = ( user0_.password user0_.id password ) ? ) ) ) )
2021-08-30 20:39:46,810 DEBUG [JoinProcessor.java:171] : Using FROM fragment [tarefa.User user0_]
2021-08-30 20:39:46,811 DEBUG [HqlSqlBaseWalker.java:123] : select &gt;&gt; end [level=1, statement=select]
2021-08-30 20:39:46,811 DEBUG [QueryTranslatorImpl.java:255] : --- SQL AST ---
 \-[SELECT] QueryNode: &apos;SELECT&apos;  querySpaces (tarefa.User)
    +-[SELECT_CLAUSE] SelectClause: &apos;{select clause}&apos;
    |  +-[ALIAS_REF] IdentNode: &apos;user0_.id as id4_&apos; {alias=u, className=com.jadson.dev.tarefas.domain.User, tableAlias=user0_}
    |  \-[SQL_TOKEN] SqlFragment: &apos;user0_.city as city4_, user0_.state as state4_, user0_.street as street4_, user0_.login as login4_, user0_.name as name4_, user0_.password as password4_, user0_.role as role4_&apos;
    +-[FROM] FromClause: &apos;FROM&apos; FromClause{level=1, fromElementCounter=1, fromElements=1, fromElementByClassAlias=[u], fromElementByTableAlias=[user0_], fromElementsByPath=[], collectionJoinFromElementsByPath=[], impliedElements=[]}
    |  \-[FROM_FRAGMENT] FromElement: &apos;tarefa.User user0_&apos; FromElement{explicit,not a collection join,not a fetch join,fetch non-lazy properties,classAlias=u,role=null,tableName=tarefa.User,tableAlias=user0_,origin=null,colums={,className=com.jadson.dev.tarefas.domain.User}}
    \-[WHERE] SqlNode: &apos;WHERE&apos;
       \-[AND] SqlNode: &apos;and&apos;
          +-[EQ] BinaryLogicOperatorNode: &apos;=&apos;
          |  +-[DOT] DotNode: &apos;user0_.login&apos; {propertyName=login,dereferenceType=4,propertyPath=login,path=u.login,tableAlias=user0_,className=com.jadson.dev.tarefas.domain.User,classAlias=u}
          |  |  +-[ALIAS_REF] IdentNode: &apos;user0_.id&apos; {alias=u, className=com.jadson.dev.tarefas.domain.User, tableAlias=user0_}
          |  |  \-[IDENT] IdentNode: &apos;login&apos; {originalText=login}
          |  \-[NAMED_PARAM] ParameterNode: &apos;?&apos; {name=login, expectedType=org.hibernate.type.StringType@7966baa7}
          \-[EQ] BinaryLogicOperatorNode: &apos;=&apos;
             +-[DOT] DotNode: &apos;user0_.password&apos; {propertyName=password,dereferenceType=4,propertyPath=password,path=u.password,tableAlias=user0_,className=com.jadson.dev.tarefas.domain.User,classAlias=u}
             |  +-[ALIAS_REF] IdentNode: &apos;user0_.id&apos; {alias=u, className=com.jadson.dev.tarefas.domain.User, tableAlias=user0_}
             |  \-[IDENT] IdentNode: &apos;password&apos; {originalText=password}
             \-[NAMED_PARAM] ParameterNode: &apos;?&apos; {name=password, expectedType=org.hibernate.type.StringType@7966baa7}

2021-08-30 20:39:46,811 DEBUG [ErrorCounter.java:91] : throwQueryException() : no errors
2021-08-30 20:39:46,812 DEBUG [QueryTranslatorImpl.java:239] : HQL: SELECT u FROM com.jadson.dev.tarefas.domain.User u WHERE u.login = :login and u.password = :password
2021-08-30 20:39:46,812 DEBUG [QueryTranslatorImpl.java:240] : SQL: select user0_.id as id4_, user0_.city as city4_, user0_.state as state4_, user0_.street as street4_, user0_.login as login4_, user0_.name as name4_, user0_.password as password4_, user0_.role as role4_ from tarefa.User user0_ where user0_.login=? and user0_.password=?
2021-08-30 20:39:46,812 DEBUG [ErrorCounter.java:91] : throwQueryException() : no errors
2021-08-30 20:39:46,813 DEBUG [SessionFactoryImpl.java:434] : Checking named query: Item.getLastId
2021-08-30 20:39:46,814 DEBUG [QueryTranslatorImpl.java:269] : parse() - HQL: SELECT i FROM com.jadson.dev.tarefas.domain.Item i where i.id = (select MAX(i.id) from com.jadson.dev.tarefas.domain.Item i)
2021-08-30 20:39:46,816 DEBUG [QueryTranslatorImpl.java:289] : --- HQL AST ---
 \-[QUERY] &apos;query&apos;
    +-[SELECT_FROM] &apos;SELECT_FROM&apos;
    |  +-[FROM] &apos;FROM&apos;
    |  |  \-[RANGE] &apos;RANGE&apos;
    |  |     +-[DOT] &apos;.&apos;
    |  |     |  +-[DOT] &apos;.&apos;
    |  |     |  |  +-[DOT] &apos;.&apos;
    |  |     |  |  |  +-[DOT] &apos;.&apos;
    |  |     |  |  |  |  +-[DOT] &apos;.&apos;
    |  |     |  |  |  |  |  +-[IDENT] &apos;com&apos;
    |  |     |  |  |  |  |  \-[IDENT] &apos;jadson&apos;
    |  |     |  |  |  |  \-[IDENT] &apos;dev&apos;
    |  |     |  |  |  \-[IDENT] &apos;tarefas&apos;
    |  |     |  |  \-[IDENT] &apos;domain&apos;
    |  |     |  \-[IDENT] &apos;Item&apos;
    |  |     \-[ALIAS] &apos;i&apos;
    |  \-[SELECT] &apos;SELECT&apos;
    |     \-[IDENT] &apos;i&apos;
    \-[WHERE] &apos;where&apos;
       \-[EQ] &apos;=&apos;
          +-[DOT] &apos;.&apos;
          |  +-[IDENT] &apos;i&apos;
          |  \-[IDENT] &apos;id&apos;
          \-[QUERY] &apos;query&apos;
             \-[SELECT_FROM] &apos;SELECT_FROM&apos;
                +-[FROM] &apos;from&apos;
                |  \-[RANGE] &apos;RANGE&apos;
                |     +-[DOT] &apos;.&apos;
                |     |  +-[DOT] &apos;.&apos;
                |     |  |  +-[DOT] &apos;.&apos;
                |     |  |  |  +-[DOT] &apos;.&apos;
                |     |  |  |  |  +-[DOT] &apos;.&apos;
                |     |  |  |  |  |  +-[IDENT] &apos;com&apos;
                |     |  |  |  |  |  \-[IDENT] &apos;jadson&apos;
                |     |  |  |  |  \-[IDENT] &apos;dev&apos;
                |     |  |  |  \-[IDENT] &apos;tarefas&apos;
                |     |  |  \-[IDENT] &apos;domain&apos;
                |     |  \-[IDENT] &apos;Item&apos;
                |     \-[ALIAS] &apos;i&apos;
                \-[SELECT] &apos;select&apos;
                   \-[AGGREGATE] &apos;MAX&apos;
                      \-[DOT] &apos;.&apos;
                         +-[IDENT] &apos;i&apos;
                         \-[IDENT] &apos;id&apos;

2021-08-30 20:39:46,816 DEBUG [ErrorCounter.java:91] : throwQueryException() : no errors
2021-08-30 20:39:46,816 DEBUG [HqlSqlBaseWalker.java:111] : select &lt;&lt; begin [level=1, statement=select]
2021-08-30 20:39:46,817 DEBUG [FromElement.java:129] : FromClause{level=1} :  com.jadson.dev.tarefas.domain.Item (i) -&gt; item0_
2021-08-30 20:39:46,817 DEBUG [FromReferenceNode.java:74] : Resolved :  i -&gt; item0_.id
2021-08-30 20:39:46,817 DEBUG [FromReferenceNode.java:74] : Resolved :  i -&gt; item0_.id
2021-08-30 20:39:46,817 DEBUG [DotNode.java:591] : getDataType() : id -&gt; org.hibernate.type.IntegerType@39a8312f
2021-08-30 20:39:46,817 DEBUG [FromReferenceNode.java:74] : Resolved :  i.id -&gt; item0_.id
2021-08-30 20:39:46,818 DEBUG [HqlSqlBaseWalker.java:111] : select &lt;&lt; begin [level=2, statement=select]
2021-08-30 20:39:46,818 DEBUG [FromElement.java:129] : FromClause{level=2} :  com.jadson.dev.tarefas.domain.Item (i) -&gt; item1_
2021-08-30 20:39:46,818 DEBUG [FromReferenceNode.java:74] : Resolved :  i -&gt; item1_.id
2021-08-30 20:39:46,818 DEBUG [DotNode.java:591] : getDataType() : id -&gt; org.hibernate.type.IntegerType@39a8312f
2021-08-30 20:39:46,818 DEBUG [FromReferenceNode.java:74] : Resolved :  i.id -&gt; item1_.id
2021-08-30 20:39:46,818 DEBUG [HqlSqlBaseWalker.java:117] : select : finishing up [level=2, statement=select]
2021-08-30 20:39:46,818 DEBUG [HqlSqlWalker.java:531] : processQuery() :  ( SELECT ( {select clause} ( MAX ( item1_.id item1_.id id ) ) ) ( FromClause{level=2} Item item1_ ) )
2021-08-30 20:39:46,819 DEBUG [JoinProcessor.java:171] : Using FROM fragment [Item item1_]
2021-08-30 20:39:46,819 DEBUG [HqlSqlBaseWalker.java:123] : select &gt;&gt; end [level=2, statement=select]
2021-08-30 20:39:46,819 DEBUG [HqlSqlBaseWalker.java:117] : select : finishing up [level=1, statement=select]
2021-08-30 20:39:46,819 DEBUG [HqlSqlWalker.java:531] : processQuery() :  ( SELECT ( {select clause} item0_.id ) ( FromClause{level=1} Item item0_ ) ( where ( = ( item0_.id item0_.id id ) ( SELECT ( {select clause} ( MAX ( item1_.id item1_.id id ) ) ) ( FromClause{level=2} Item item1_ ) ) ) ) )
2021-08-30 20:39:46,819 DEBUG [JoinProcessor.java:171] : Using FROM fragment [Item item0_]
2021-08-30 20:39:46,819 DEBUG [HqlSqlBaseWalker.java:123] : select &gt;&gt; end [level=1, statement=select]
2021-08-30 20:39:46,820 DEBUG [QueryTranslatorImpl.java:255] : --- SQL AST ---
 \-[SELECT] QueryNode: &apos;SELECT&apos;  querySpaces (Item)
    +-[SELECT_CLAUSE] SelectClause: &apos;{select clause}&apos;
    |  +-[ALIAS_REF] IdentNode: &apos;item0_.id as id2_&apos; {alias=i, className=com.jadson.dev.tarefas.domain.Item, tableAlias=item0_}
    |  \-[SQL_TOKEN] SqlFragment: &apos;item0_.description as descript2_2_, item0_.iterationId as iteratio4_2_, item0_.priority as priority2_&apos;
    +-[FROM] FromClause: &apos;FROM&apos; FromClause{level=1, fromElementCounter=1, fromElements=1, fromElementByClassAlias=[i], fromElementByTableAlias=[item0_], fromElementsByPath=[], collectionJoinFromElementsByPath=[], impliedElements=[]}
    |  \-[FROM_FRAGMENT] FromElement: &apos;Item item0_&apos; FromElement{explicit,not a collection join,not a fetch join,fetch non-lazy properties,classAlias=i,role=null,tableName=Item,tableAlias=item0_,origin=null,colums={,className=com.jadson.dev.tarefas.domain.Item}}
    \-[WHERE] SqlNode: &apos;where&apos;
       \-[EQ] BinaryLogicOperatorNode: &apos;=&apos;
          +-[DOT] DotNode: &apos;item0_.id&apos; {propertyName=id,dereferenceType=4,propertyPath=id,path=i.id,tableAlias=item0_,className=com.jadson.dev.tarefas.domain.Item,classAlias=i}
          |  +-[ALIAS_REF] IdentNode: &apos;item0_.id&apos; {alias=i, className=com.jadson.dev.tarefas.domain.Item, tableAlias=item0_}
          |  \-[IDENT] IdentNode: &apos;id&apos; {originalText=id}
          \-[SELECT] QueryNode: &apos;SELECT&apos;  querySpaces (Item)
             +-[SELECT_CLAUSE] SelectClause: &apos;{select clause}&apos;
             |  \-[AGGREGATE] AggregateNode: &apos;MAX&apos;
             |     \-[DOT] DotNode: &apos;item1_.id&apos; {propertyName=id,dereferenceType=4,propertyPath=id,path=i.id,tableAlias=item1_,className=com.jadson.dev.tarefas.domain.Item,classAlias=i}
             |        +-[ALIAS_REF] IdentNode: &apos;item1_.id&apos; {alias=i, className=com.jadson.dev.tarefas.domain.Item, tableAlias=item1_}
             |        \-[IDENT] IdentNode: &apos;id&apos; {originalText=id}
             \-[FROM] FromClause: &apos;from&apos; FromClause{level=2, fromElementCounter=1, fromElements=1, fromElementByClassAlias=[i], fromElementByTableAlias=[item1_], fromElementsByPath=[], collectionJoinFromElementsByPath=[], impliedElements=[]}
                \-[FROM_FRAGMENT] FromElement: &apos;Item item1_&apos; FromElement{explicit,not a collection join,not a fetch join,fetch non-lazy properties,classAlias=i,role=null,tableName=Item,tableAlias=item1_,origin=null,colums={,className=com.jadson.dev.tarefas.domain.Item}}

2021-08-30 20:39:46,820 DEBUG [ErrorCounter.java:91] : throwQueryException() : no errors
2021-08-30 20:39:46,820 DEBUG [QueryTranslatorImpl.java:239] : HQL: SELECT i FROM com.jadson.dev.tarefas.domain.Item i where i.id = (select MAX(i.id) from com.jadson.dev.tarefas.domain.Item i)
2021-08-30 20:39:46,820 DEBUG [QueryTranslatorImpl.java:240] : SQL: select item0_.id as id2_, item0_.description as descript2_2_, item0_.iterationId as iteratio4_2_, item0_.priority as priority2_ from Item item0_ where item0_.id=(select MAX(item1_.id) from Item item1_)
2021-08-30 20:39:46,820 DEBUG [ErrorCounter.java:91] : throwQueryException() : no errors
2021-08-30 20:39:46,820 DEBUG [SessionFactoryImpl.java:434] : Checking named query: Task.getLastId
2021-08-30 20:39:46,821 DEBUG [QueryTranslatorImpl.java:269] : parse() - HQL: SELECT t FROM com.jadson.dev.tarefas.domain.Task t where t.id = (select MAX(t.id) from com.jadson.dev.tarefas.domain.Task t)
2021-08-30 20:39:46,823 DEBUG [QueryTranslatorImpl.java:289] : --- HQL AST ---
 \-[QUERY] &apos;query&apos;
    +-[SELECT_FROM] &apos;SELECT_FROM&apos;
    |  +-[FROM] &apos;FROM&apos;
    |  |  \-[RANGE] &apos;RANGE&apos;
    |  |     +-[DOT] &apos;.&apos;
    |  |     |  +-[DOT] &apos;.&apos;
    |  |     |  |  +-[DOT] &apos;.&apos;
    |  |     |  |  |  +-[DOT] &apos;.&apos;
    |  |     |  |  |  |  +-[DOT] &apos;.&apos;
    |  |     |  |  |  |  |  +-[IDENT] &apos;com&apos;
    |  |     |  |  |  |  |  \-[IDENT] &apos;jadson&apos;
    |  |     |  |  |  |  \-[IDENT] &apos;dev&apos;
    |  |     |  |  |  \-[IDENT] &apos;tarefas&apos;
    |  |     |  |  \-[IDENT] &apos;domain&apos;
    |  |     |  \-[IDENT] &apos;Task&apos;
    |  |     \-[ALIAS] &apos;t&apos;
    |  \-[SELECT] &apos;SELECT&apos;
    |     \-[IDENT] &apos;t&apos;
    \-[WHERE] &apos;where&apos;
       \-[EQ] &apos;=&apos;
          +-[DOT] &apos;.&apos;
          |  +-[IDENT] &apos;t&apos;
          |  \-[IDENT] &apos;id&apos;
          \-[QUERY] &apos;query&apos;
             \-[SELECT_FROM] &apos;SELECT_FROM&apos;
                +-[FROM] &apos;from&apos;
                |  \-[RANGE] &apos;RANGE&apos;
                |     +-[DOT] &apos;.&apos;
                |     |  +-[DOT] &apos;.&apos;
                |     |  |  +-[DOT] &apos;.&apos;
                |     |  |  |  +-[DOT] &apos;.&apos;
                |     |  |  |  |  +-[DOT] &apos;.&apos;
                |     |  |  |  |  |  +-[IDENT] &apos;com&apos;
                |     |  |  |  |  |  \-[IDENT] &apos;jadson&apos;
                |     |  |  |  |  \-[IDENT] &apos;dev&apos;
                |     |  |  |  \-[IDENT] &apos;tarefas&apos;
                |     |  |  \-[IDENT] &apos;domain&apos;
                |     |  \-[IDENT] &apos;Task&apos;
                |     \-[ALIAS] &apos;t&apos;
                \-[SELECT] &apos;select&apos;
                   \-[AGGREGATE] &apos;MAX&apos;
                      \-[DOT] &apos;.&apos;
                         +-[IDENT] &apos;t&apos;
                         \-[IDENT] &apos;id&apos;

2021-08-30 20:39:46,823 DEBUG [ErrorCounter.java:91] : throwQueryException() : no errors
2021-08-30 20:39:46,823 DEBUG [HqlSqlBaseWalker.java:111] : select &lt;&lt; begin [level=1, statement=select]
2021-08-30 20:39:46,823 DEBUG [FromElement.java:129] : FromClause{level=1} :  com.jadson.dev.tarefas.domain.Task (t) -&gt; task0_
2021-08-30 20:39:46,823 DEBUG [FromReferenceNode.java:74] : Resolved :  t -&gt; task0_.id
2021-08-30 20:39:46,824 DEBUG [FromReferenceNode.java:74] : Resolved :  t -&gt; task0_.id
2021-08-30 20:39:46,824 DEBUG [DotNode.java:591] : getDataType() : id -&gt; org.hibernate.type.IntegerType@39a8312f
2021-08-30 20:39:46,824 DEBUG [FromReferenceNode.java:74] : Resolved :  t.id -&gt; task0_.id
2021-08-30 20:39:46,824 DEBUG [HqlSqlBaseWalker.java:111] : select &lt;&lt; begin [level=2, statement=select]
2021-08-30 20:39:46,824 DEBUG [FromElement.java:129] : FromClause{level=2} :  com.jadson.dev.tarefas.domain.Task (t) -&gt; task1_
2021-08-30 20:39:46,824 DEBUG [FromReferenceNode.java:74] : Resolved :  t -&gt; task1_.id
2021-08-30 20:39:46,824 DEBUG [DotNode.java:591] : getDataType() : id -&gt; org.hibernate.type.IntegerType@39a8312f
2021-08-30 20:39:46,824 DEBUG [FromReferenceNode.java:74] : Resolved :  t.id -&gt; task1_.id
2021-08-30 20:39:46,825 DEBUG [HqlSqlBaseWalker.java:117] : select : finishing up [level=2, statement=select]
2021-08-30 20:39:46,825 DEBUG [HqlSqlWalker.java:531] : processQuery() :  ( SELECT ( {select clause} ( MAX ( task1_.id task1_.id id ) ) ) ( FromClause{level=2} Task task1_ ) )
2021-08-30 20:39:46,825 DEBUG [JoinProcessor.java:171] : Using FROM fragment [Task task1_]
2021-08-30 20:39:46,825 DEBUG [HqlSqlBaseWalker.java:123] : select &gt;&gt; end [level=2, statement=select]
2021-08-30 20:39:46,825 DEBUG [HqlSqlBaseWalker.java:117] : select : finishing up [level=1, statement=select]
2021-08-30 20:39:46,825 DEBUG [HqlSqlWalker.java:531] : processQuery() :  ( SELECT ( {select clause} task0_.id ) ( FromClause{level=1} Task task0_ ) ( where ( = ( task0_.id task0_.id id ) ( SELECT ( {select clause} ( MAX ( task1_.id task1_.id id ) ) ) ( FromClause{level=2} Task task1_ ) ) ) ) )
2021-08-30 20:39:46,825 DEBUG [JoinProcessor.java:171] : Using FROM fragment [Task task0_]
2021-08-30 20:39:46,825 DEBUG [HqlSqlBaseWalker.java:123] : select &gt;&gt; end [level=1, statement=select]
2021-08-30 20:39:46,826 DEBUG [QueryTranslatorImpl.java:255] : --- SQL AST ---
 \-[SELECT] QueryNode: &apos;SELECT&apos;  querySpaces (Task)
    +-[SELECT_CLAUSE] SelectClause: &apos;{select clause}&apos;
    |  +-[ALIAS_REF] IdentNode: &apos;task0_.id as id3_&apos; {alias=t, className=com.jadson.dev.tarefas.domain.Task, tableAlias=task0_}
    |  \-[SQL_TOKEN] SqlFragment: &apos;task0_.itemId as itemId3_, task0_.location as location3_, task0_.name as name3_, task0_.resource as resource3_, task0_.status as status3_&apos;
    +-[FROM] FromClause: &apos;FROM&apos; FromClause{level=1, fromElementCounter=1, fromElements=1, fromElementByClassAlias=[t], fromElementByTableAlias=[task0_], fromElementsByPath=[], collectionJoinFromElementsByPath=[], impliedElements=[]}
    |  \-[FROM_FRAGMENT] FromElement: &apos;Task task0_&apos; FromElement{explicit,not a collection join,not a fetch join,fetch non-lazy properties,classAlias=t,role=null,tableName=Task,tableAlias=task0_,origin=null,colums={,className=com.jadson.dev.tarefas.domain.Task}}
    \-[WHERE] SqlNode: &apos;where&apos;
       \-[EQ] BinaryLogicOperatorNode: &apos;=&apos;
          +-[DOT] DotNode: &apos;task0_.id&apos; {propertyName=id,dereferenceType=4,propertyPath=id,path=t.id,tableAlias=task0_,className=com.jadson.dev.tarefas.domain.Task,classAlias=t}
          |  +-[ALIAS_REF] IdentNode: &apos;task0_.id&apos; {alias=t, className=com.jadson.dev.tarefas.domain.Task, tableAlias=task0_}
          |  \-[IDENT] IdentNode: &apos;id&apos; {originalText=id}
          \-[SELECT] QueryNode: &apos;SELECT&apos;  querySpaces (Task)
             +-[SELECT_CLAUSE] SelectClause: &apos;{select clause}&apos;
             |  \-[AGGREGATE] AggregateNode: &apos;MAX&apos;
             |     \-[DOT] DotNode: &apos;task1_.id&apos; {propertyName=id,dereferenceType=4,propertyPath=id,path=t.id,tableAlias=task1_,className=com.jadson.dev.tarefas.domain.Task,classAlias=t}
             |        +-[ALIAS_REF] IdentNode: &apos;task1_.id&apos; {alias=t, className=com.jadson.dev.tarefas.domain.Task, tableAlias=task1_}
             |        \-[IDENT] IdentNode: &apos;id&apos; {originalText=id}
             \-[FROM] FromClause: &apos;from&apos; FromClause{level=2, fromElementCounter=1, fromElements=1, fromElementByClassAlias=[t], fromElementByTableAlias=[task1_], fromElementsByPath=[], collectionJoinFromElementsByPath=[], impliedElements=[]}
                \-[FROM_FRAGMENT] FromElement: &apos;Task task1_&apos; FromElement{explicit,not a collection join,not a fetch join,fetch non-lazy properties,classAlias=t,role=null,tableName=Task,tableAlias=task1_,origin=null,colums={,className=com.jadson.dev.tarefas.domain.Task}}

2021-08-30 20:39:46,826 DEBUG [ErrorCounter.java:91] : throwQueryException() : no errors
2021-08-30 20:39:46,826 DEBUG [QueryTranslatorImpl.java:239] : HQL: SELECT t FROM com.jadson.dev.tarefas.domain.Task t where t.id = (select MAX(t.id) from com.jadson.dev.tarefas.domain.Task t)
2021-08-30 20:39:46,826 DEBUG [QueryTranslatorImpl.java:240] : SQL: select task0_.id as id3_, task0_.itemId as itemId3_, task0_.location as location3_, task0_.name as name3_, task0_.resource as resource3_, task0_.status as status3_ from Task task0_ where task0_.id=(select MAX(task1_.id) from Task task1_)
2021-08-30 20:39:46,826 DEBUG [ErrorCounter.java:91] : throwQueryException() : no errors
2021-08-30 20:39:46,826 DEBUG [SessionFactoryImpl.java:446] : Checking 0 named SQL queries
2021-08-30 20:39:46,851 DEBUG [SessionImpl.java:247] : opened session at timestamp: 16303667868
2021-08-30 20:39:46,852 DEBUG [JDBCTransaction.java:82] : begin
2021-08-30 20:39:46,852 DEBUG [ConnectionManager.java:444] : opening JDBC connection
2021-08-30 20:39:46,852 DEBUG [JDBCTransaction.java:87] : current autocommit status: true
2021-08-30 20:39:46,852 DEBUG [JDBCTransaction.java:90] : disabling autocommit
2021-08-30 20:39:46,865 INFO  [AbstractApplicationContext.java:378] : Refreshing org.springframework.context.support.ClassPathXmlApplicationContext@57459491: display name [org.springframework.context.support.ClassPathXmlApplicationContext@57459491]; startup date [Mon Aug 30 20:39:46 BRT 2021]; root of context hierarchy
2021-08-30 20:39:46,878 DEBUG [ClassUtils.java:152] : Class [edu.emory.mathcs.backport.java.util.concurrent.ConcurrentHashMap] or one of its dependencies is not present: java.lang.ClassNotFoundException: edu.emory.mathcs.backport.java.util.concurrent.ConcurrentHashMap
2021-08-30 20:39:46,879 DEBUG [CollectionFactory.java:194] : Falling back to plain synchronized [java.util.HashMap] for concurrent map
2021-08-30 20:39:46,881 DEBUG [CollectionFactory.java:194] : Falling back to plain synchronized [java.util.HashMap] for concurrent map
2021-08-30 20:39:46,881 DEBUG [CollectionFactory.java:194] : Falling back to plain synchronized [java.util.HashMap] for concurrent map
2021-08-30 20:39:46,896 DEBUG [PluggableSchemaResolver.java:95] : Loading schema mappings from [META-INF/spring.schemas]
2021-08-30 20:39:46,898 DEBUG [PluggableSchemaResolver.java:101] : Loaded schema mappings: {http://www.springframework.org/schema/aop/spring-aop-2.0.xsd=org/springframework/aop/config/spring-aop-2.0.xsd, http://www.springframework.org/schema/util/spring-util.xsd=org/springframework/beans/factory/xml/spring-util-2.0.xsd, http://www.springframework.org/schema/util/spring-util-2.0.xsd=org/springframework/beans/factory/xml/spring-util-2.0.xsd, http://www.springframework.org/schema/jee/spring-jee.xsd=org/springframework/ejb/config/spring-jee-2.0.xsd, http://www.springframework.org/schema/beans/spring-beans.xsd=org/springframework/beans/factory/xml/spring-beans-2.0.xsd, http://www.springframework.org/schema/lang/spring-lang-2.0.xsd=org/springframework/scripting/config/spring-lang-2.0.xsd, http://www.springframework.org/schema/tx/spring-tx-2.0.xsd=org/springframework/transaction/config/spring-tx-2.0.xsd, http://www.springframework.org/schema/lang/spring-lang.xsd=org/springframework/scripting/config/spring-lang-2.0.xsd, http://www.springframework.org/schema/tool/spring-tool.xsd=org/springframework/beans/factory/xml/spring-tool-2.0.xsd, http://www.springframework.org/schema/aop/spring-aop.xsd=org/springframework/aop/config/spring-aop-2.0.xsd, http://www.springframework.org/schema/tx/spring-tx.xsd=org/springframework/transaction/config/spring-tx-2.0.xsd, http://www.springframework.org/schema/tool/spring-tool-2.0.xsd=org/springframework/beans/factory/xml/spring-tool-2.0.xsd, http://www.springframework.org/schema/jee/spring-jee-2.0.xsd=org/springframework/ejb/config/spring-jee-2.0.xsd, http://www.springframework.org/schema/beans/spring-beans-2.0.xsd=org/springframework/beans/factory/xml/spring-beans-2.0.xsd}
2021-08-30 20:39:46,898 DEBUG [PluggableSchemaResolver.java:95] : Loading schema mappings from [META-INF/spring.schemas]
2021-08-30 20:39:46,898 DEBUG [PluggableSchemaResolver.java:101] : Loaded schema mappings: {http://www.springframework.org/schema/aop/spring-aop-2.0.xsd=org/springframework/aop/config/spring-aop-2.0.xsd, http://www.springframework.org/schema/util/spring-util.xsd=org/springframework/beans/factory/xml/spring-util-2.0.xsd, http://www.springframework.org/schema/util/spring-util-2.0.xsd=org/springframework/beans/factory/xml/spring-util-2.0.xsd, http://www.springframework.org/schema/jee/spring-jee.xsd=org/springframework/ejb/config/spring-jee-2.0.xsd, http://www.springframework.org/schema/beans/spring-beans.xsd=org/springframework/beans/factory/xml/spring-beans-2.0.xsd, http://www.springframework.org/schema/lang/spring-lang-2.0.xsd=org/springframework/scripting/config/spring-lang-2.0.xsd, http://www.springframework.org/schema/tx/spring-tx-2.0.xsd=org/springframework/transaction/config/spring-tx-2.0.xsd, http://www.springframework.org/schema/lang/spring-lang.xsd=org/springframework/scripting/config/spring-lang-2.0.xsd, http://www.springframework.org/schema/tool/spring-tool.xsd=org/springframework/beans/factory/xml/spring-tool-2.0.xsd, http://www.springframework.org/schema/aop/spring-aop.xsd=org/springframework/aop/config/spring-aop-2.0.xsd, http://www.springframework.org/schema/tx/spring-tx.xsd=org/springframework/transaction/config/spring-tx-2.0.xsd, http://www.springframework.org/schema/tool/spring-tool-2.0.xsd=org/springframework/beans/factory/xml/spring-tool-2.0.xsd, http://www.springframework.org/schema/jee/spring-jee-2.0.xsd=org/springframework/ejb/config/spring-jee-2.0.xsd, http://www.springframework.org/schema/beans/spring-beans-2.0.xsd=org/springframework/beans/factory/xml/spring-beans-2.0.xsd}
2021-08-30 20:39:46,901 INFO  [XmlBeanDefinitionReader.java:293] : Loading XML bean definitions from class path resource [applicationContext.xml]
2021-08-30 20:39:46,902 DEBUG [DefaultDocumentLoader.java:73] : Using JAXP provider [com.sun.org.apache.xerces.internal.jaxp.DocumentBuilderFactoryImpl]
2021-08-30 20:39:46,904 DEBUG [BeansDtdResolver.java:72] : Found beans DTD [http://www.springframework.org/dtd/spring-beans.dtd] in classpath: spring-beans.dtd
2021-08-30 20:39:46,913 DEBUG [DefaultNamespaceHandlerResolver.java:110] : Loaded mappings [{http://www.springframework.org/schema/p=org.springframework.beans.factory.xml.SimplePropertyNamespaceHandler, http://www.springframework.org/schema/lang=org.springframework.scripting.config.LangNamespaceHandler, http://www.springframework.org/schema/jee=org.springframework.ejb.config.JeeNamespaceHandler, http://www.springframework.org/schema/aop=org.springframework.aop.config.AopNamespaceHandler, http://www.springframework.org/schema/util=org.springframework.beans.factory.xml.UtilNamespaceHandler, http://www.springframework.org/schema/tx=org.springframework.transaction.config.TxNamespaceHandler}]
2021-08-30 20:39:46,915 DEBUG [DefaultNamespaceHandlerResolver.java:128] : Ignoring namespace handler [org.springframework.scripting.config.LangNamespaceHandler]: handler class not found
java.lang.ClassNotFoundException: org.springframework.scripting.config.LangNamespaceHandler
	at java.net.URLClassLoader.findClass(URLClassLoader.java:381)
	at java.lang.ClassLoader.loadClass(ClassLoader.java:424)
	at sun.misc.Launcher$AppClassLoader.loadClass(Launcher.java:335)
	at java.lang.ClassLoader.loadClass(ClassLoader.java:357)
	at org.springframework.util.ClassUtils.forName(ClassUtils.java:201)
	at org.springframework.beans.factory.xml.DefaultNamespaceHandlerResolver.initHandlerMappings(DefaultNamespaceHandlerResolver.java:117)
	at org.springframework.beans.factory.xml.DefaultNamespaceHandlerResolver.&lt;init&gt;(DefaultNamespaceHandlerResolver.java:96)
	at org.springframework.beans.factory.xml.DefaultNamespaceHandlerResolver.&lt;init&gt;(DefaultNamespaceHandlerResolver.java:82)
	at org.springframework.beans.factory.xml.XmlBeanDefinitionReader.createDefaultNamespaceHandlerResolver(XmlBeanDefinitionReader.java:488)
	at org.springframework.beans.factory.xml.XmlBeanDefinitionReader.createReaderContext(XmlBeanDefinitionReader.java:477)
	at org.springframework.beans.factory.xml.XmlBeanDefinitionReader.registerBeanDefinitions(XmlBeanDefinitionReader.java:458)
	at org.springframework.beans.factory.xml.XmlBeanDefinitionReader.doLoadBeanDefinitions(XmlBeanDefinitionReader.java:353)
	at org.springframework.beans.factory.xml.XmlBeanDefinitionReader.loadBeanDefinitions(XmlBeanDefinitionReader.java:303)
	at org.springframework.beans.factory.xml.XmlBeanDefinitionReader.loadBeanDefinitions(XmlBeanDefinitionReader.java:280)
	at org.springframework.beans.factory.support.AbstractBeanDefinitionReader.loadBeanDefinitions(AbstractBeanDefinitionReader.java:131)
	at org.springframework.beans.factory.support.AbstractBeanDefinitionReader.loadBeanDefinitions(AbstractBeanDefinitionReader.java:147)
	at org.springframework.beans.factory.support.AbstractBeanDefinitionReader.loadBeanDefinitions(AbstractBeanDefinitionReader.java:173)
	at org.springframework.context.support.AbstractXmlApplicationContext.loadBeanDefinitions(AbstractXmlApplicationContext.java:112)
	at org.springframework.context.support.AbstractXmlApplicationContext.loadBeanDefinitions(AbstractXmlApplicationContext.java:79)
	at org.springframework.context.support.AbstractRefreshableApplicationContext.refreshBeanFactory(AbstractRefreshableApplicationContext.java:101)
	at org.springframework.context.support.AbstractApplicationContext.obtainFreshBeanFactory(AbstractApplicationContext.java:389)
	at org.springframework.context.support.AbstractApplicationContext.refresh(AbstractApplicationContext.java:324)
	at org.springframework.context.support.ClassPathXmlApplicationContext.&lt;init&gt;(ClassPathXmlApplicationContext.java:91)
	at org.springframework.context.support.ClassPathXmlApplicationContext.&lt;init&gt;(ClassPathXmlApplicationContext.java:75)
	at com.jadson.dev.tarefas.repository.ProjectRepositoryTest.prepare(ProjectRepositoryTest.java:30)
	at sun.reflect.NativeMethodAccessorImpl.invoke0(Native Method)
	at sun.reflect.NativeMethodAccessorImpl.invoke(NativeMethodAccessorImpl.java:62)
	at sun.reflect.DelegatingMethodAccessorImpl.invoke(DelegatingMethodAccessorImpl.java:43)
	at java.lang.reflect.Method.invoke(Method.java:498)
	at org.junit.internal.runners.BeforeAndAfterRunner.invokeMethod(BeforeAndAfterRunner.java:74)
	at org.junit.internal.runners.BeforeAndAfterRunner.runBefores(BeforeAndAfterRunner.java:50)
	at org.junit.internal.runners.BeforeAndAfterRunner.runProtected(BeforeAndAfterRunner.java:33)
	at org.junit.internal.runners.TestClassRunner.run(TestClassRunner.java:52)
	at org.apache.maven.surefire.junit4.JUnit4Provider.execute(JUnit4Provider.java:252)
	at org.apache.maven.surefire.junit4.JUnit4Provider.executeTestSet(JUnit4Provider.java:141)
	at org.apache.maven.surefire.junit4.JUnit4Provider.invoke(JUnit4Provider.java:112)
	at sun.reflect.NativeMethodAccessorImpl.invoke0(Native Method)
	at sun.reflect.NativeMethodAccessorImpl.invoke(NativeMethodAccessorImpl.java:62)
	at sun.reflect.DelegatingMethodAccessorImpl.invoke(DelegatingMethodAccessorImpl.java:43)
	at java.lang.reflect.Method.invoke(Method.java:498)
	at org.apache.maven.surefire.util.ReflectionUtils.invokeMethodWithArray(ReflectionUtils.java:189)
	at org.apache.maven.surefire.booter.ProviderFactory$ProviderProxy.invoke(ProviderFactory.java:165)
	at org.apache.maven.surefire.booter.ProviderFactory.invokeProvider(ProviderFactory.java:85)
	at org.apache.maven.surefire.booter.ForkedBooter.runSuitesInProcess(ForkedBooter.java:115)
	at org.apache.maven.surefire.booter.ForkedBooter.main(ForkedBooter.java:75)
2021-08-30 20:39:46,916 DEBUG [DefaultNamespaceHandlerResolver.java:128] : Ignoring namespace handler [org.springframework.ejb.config.JeeNamespaceHandler]: handler class not found
java.lang.ClassNotFoundException: org.springframework.ejb.config.JeeNamespaceHandler
	at java.net.URLClassLoader.findClass(URLClassLoader.java:381)
	at java.lang.ClassLoader.loadClass(ClassLoader.java:424)
	at sun.misc.Launcher$AppClassLoader.loadClass(Launcher.java:335)
	at java.lang.ClassLoader.loadClass(ClassLoader.java:357)
	at org.springframework.util.ClassUtils.forName(ClassUtils.java:201)
	at org.springframework.beans.factory.xml.DefaultNamespaceHandlerResolver.initHandlerMappings(DefaultNamespaceHandlerResolver.java:117)
	at org.springframework.beans.factory.xml.DefaultNamespaceHandlerResolver.&lt;init&gt;(DefaultNamespaceHandlerResolver.java:96)
	at org.springframework.beans.factory.xml.DefaultNamespaceHandlerResolver.&lt;init&gt;(DefaultNamespaceHandlerResolver.java:82)
	at org.springframework.beans.factory.xml.XmlBeanDefinitionReader.createDefaultNamespaceHandlerResolver(XmlBeanDefinitionReader.java:488)
	at org.springframework.beans.factory.xml.XmlBeanDefinitionReader.createReaderContext(XmlBeanDefinitionReader.java:477)
	at org.springframework.beans.factory.xml.XmlBeanDefinitionReader.registerBeanDefinitions(XmlBeanDefinitionReader.java:458)
	at org.springframework.beans.factory.xml.XmlBeanDefinitionReader.doLoadBeanDefinitions(XmlBeanDefinitionReader.java:353)
	at org.springframework.beans.factory.xml.XmlBeanDefinitionReader.loadBeanDefinitions(XmlBeanDefinitionReader.java:303)
	at org.springframework.beans.factory.xml.XmlBeanDefinitionReader.loadBeanDefinitions(XmlBeanDefinitionReader.java:280)
	at org.springframework.beans.factory.support.AbstractBeanDefinitionReader.loadBeanDefinitions(AbstractBeanDefinitionReader.java:131)
	at org.springframework.beans.factory.support.AbstractBeanDefinitionReader.loadBeanDefinitions(AbstractBeanDefinitionReader.java:147)
	at org.springframework.beans.factory.support.AbstractBeanDefinitionReader.loadBeanDefinitions(AbstractBeanDefinitionReader.java:173)
	at org.springframework.context.support.AbstractXmlApplicationContext.loadBeanDefinitions(AbstractXmlApplicationContext.java:112)
	at org.springframework.context.support.AbstractXmlApplicationContext.loadBeanDefinitions(AbstractXmlApplicationContext.java:79)
	at org.springframework.context.support.AbstractRefreshableApplicationContext.refreshBeanFactory(AbstractRefreshableApplicationContext.java:101)
	at org.springframework.context.support.AbstractApplicationContext.obtainFreshBeanFactory(AbstractApplicationContext.java:389)
	at org.springframework.context.support.AbstractApplicationContext.refresh(AbstractApplicationContext.java:324)
	at org.springframework.context.support.ClassPathXmlApplicationContext.&lt;init&gt;(ClassPathXmlApplicationContext.java:91)
	at org.springframework.context.support.ClassPathXmlApplicationContext.&lt;init&gt;(ClassPathXmlApplicationContext.java:75)
	at com.jadson.dev.tarefas.repository.ProjectRepositoryTest.prepare(ProjectRepositoryTest.java:30)
	at sun.reflect.NativeMethodAccessorImpl.invoke0(Native Method)
	at sun.reflect.NativeMethodAccessorImpl.invoke(NativeMethodAccessorImpl.java:62)
	at sun.reflect.DelegatingMethodAccessorImpl.invoke(DelegatingMethodAccessorImpl.java:43)
	at java.lang.reflect.Method.invoke(Method.java:498)
	at org.junit.internal.runners.BeforeAndAfterRunner.invokeMethod(BeforeAndAfterRunner.java:74)
	at org.junit.internal.runners.BeforeAndAfterRunner.runBefores(BeforeAndAfterRunner.java:50)
	at org.junit.internal.runners.BeforeAndAfterRunner.runProtected(BeforeAndAfterRunner.java:33)
	at org.junit.internal.runners.TestClassRunner.run(TestClassRunner.java:52)
	at org.apache.maven.surefire.junit4.JUnit4Provider.execute(JUnit4Provider.java:252)
	at org.apache.maven.surefire.junit4.JUnit4Provider.executeTestSet(JUnit4Provider.java:141)
	at org.apache.maven.surefire.junit4.JUnit4Provider.invoke(JUnit4Provider.java:112)
	at sun.reflect.NativeMethodAccessorImpl.invoke0(Native Method)
	at sun.reflect.NativeMethodAccessorImpl.invoke(NativeMethodAccessorImpl.java:62)
	at sun.reflect.DelegatingMethodAccessorImpl.invoke(DelegatingMethodAccessorImpl.java:43)
	at java.lang.reflect.Method.invoke(Method.java:498)
	at org.apache.maven.surefire.util.ReflectionUtils.invokeMethodWithArray(ReflectionUtils.java:189)
	at org.apache.maven.surefire.booter.ProviderFactory$ProviderProxy.invoke(ProviderFactory.java:165)
	at org.apache.maven.surefire.booter.ProviderFactory.invokeProvider(ProviderFactory.java:85)
	at org.apache.maven.surefire.booter.ForkedBooter.runSuitesInProcess(ForkedBooter.java:115)
	at org.apache.maven.surefire.booter.ForkedBooter.main(ForkedBooter.java:75)
2021-08-30 20:39:46,917 DEBUG [DefaultNamespaceHandlerResolver.java:128] : Ignoring namespace handler [org.springframework.aop.config.AopNamespaceHandler]: handler class not found
java.lang.ClassNotFoundException: org.springframework.aop.config.AopNamespaceHandler
	at java.net.URLClassLoader.findClass(URLClassLoader.java:381)
	at java.lang.ClassLoader.loadClass(ClassLoader.java:424)
	at sun.misc.Launcher$AppClassLoader.loadClass(Launcher.java:335)
	at java.lang.ClassLoader.loadClass(ClassLoader.java:357)
	at org.springframework.util.ClassUtils.forName(ClassUtils.java:201)
	at org.springframework.beans.factory.xml.DefaultNamespaceHandlerResolver.initHandlerMappings(DefaultNamespaceHandlerResolver.java:117)
	at org.springframework.beans.factory.xml.DefaultNamespaceHandlerResolver.&lt;init&gt;(DefaultNamespaceHandlerResolver.java:96)
	at org.springframework.beans.factory.xml.DefaultNamespaceHandlerResolver.&lt;init&gt;(DefaultNamespaceHandlerResolver.java:82)
	at org.springframework.beans.factory.xml.XmlBeanDefinitionReader.createDefaultNamespaceHandlerResolver(XmlBeanDefinitionReader.java:488)
	at org.springframework.beans.factory.xml.XmlBeanDefinitionReader.createReaderContext(XmlBeanDefinitionReader.java:477)
	at org.springframework.beans.factory.xml.XmlBeanDefinitionReader.registerBeanDefinitions(XmlBeanDefinitionReader.java:458)
	at org.springframework.beans.factory.xml.XmlBeanDefinitionReader.doLoadBeanDefinitions(XmlBeanDefinitionReader.java:353)
	at org.springframework.beans.factory.xml.XmlBeanDefinitionReader.loadBeanDefinitions(XmlBeanDefinitionReader.java:303)
	at org.springframework.beans.factory.xml.XmlBeanDefinitionReader.loadBeanDefinitions(XmlBeanDefinitionReader.java:280)
	at org.springframework.beans.factory.support.AbstractBeanDefinitionReader.loadBeanDefinitions(AbstractBeanDefinitionReader.java:131)
	at org.springframework.beans.factory.support.AbstractBeanDefinitionReader.loadBeanDefinitions(AbstractBeanDefinitionReader.java:147)
	at org.springframework.beans.factory.support.AbstractBeanDefinitionReader.loadBeanDefinitions(AbstractBeanDefinitionReader.java:173)
	at org.springframework.context.support.AbstractXmlApplicationContext.loadBeanDefinitions(AbstractXmlApplicationContext.java:112)
	at org.springframework.context.support.AbstractXmlApplicationContext.loadBeanDefinitions(AbstractXmlApplicationContext.java:79)
	at org.springframework.context.support.AbstractRefreshableApplicationContext.refreshBeanFactory(AbstractRefreshableApplicationContext.java:101)
	at org.springframework.context.support.AbstractApplicationContext.obtainFreshBeanFactory(AbstractApplicationContext.java:389)
	at org.springframework.context.support.AbstractApplicationContext.refresh(AbstractApplicationContext.java:324)
	at org.springframework.context.support.ClassPathXmlApplicationContext.&lt;init&gt;(ClassPathXmlApplicationContext.java:91)
	at org.springframework.context.support.ClassPathXmlApplicationContext.&lt;init&gt;(ClassPathXmlApplicationContext.java:75)
	at com.jadson.dev.tarefas.repository.ProjectRepositoryTest.prepare(ProjectRepositoryTest.java:30)
	at sun.reflect.NativeMethodAccessorImpl.invoke0(Native Method)
	at sun.reflect.NativeMethodAccessorImpl.invoke(NativeMethodAccessorImpl.java:62)
	at sun.reflect.DelegatingMethodAccessorImpl.invoke(DelegatingMethodAccessorImpl.java:43)
	at java.lang.reflect.Method.invoke(Method.java:498)
	at org.junit.internal.runners.BeforeAndAfterRunner.invokeMethod(BeforeAndAfterRunner.java:74)
	at org.junit.internal.runners.BeforeAndAfterRunner.runBefores(BeforeAndAfterRunner.java:50)
	at org.junit.internal.runners.BeforeAndAfterRunner.runProtected(BeforeAndAfterRunner.java:33)
	at org.junit.internal.runners.TestClassRunner.run(TestClassRunner.java:52)
	at org.apache.maven.surefire.junit4.JUnit4Provider.execute(JUnit4Provider.java:252)
	at org.apache.maven.surefire.junit4.JUnit4Provider.executeTestSet(JUnit4Provider.java:141)
	at org.apache.maven.surefire.junit4.JUnit4Provider.invoke(JUnit4Provider.java:112)
	at sun.reflect.NativeMethodAccessorImpl.invoke0(Native Method)
	at sun.reflect.NativeMethodAccessorImpl.invoke(NativeMethodAccessorImpl.java:62)
	at sun.reflect.DelegatingMethodAccessorImpl.invoke(DelegatingMethodAccessorImpl.java:43)
	at java.lang.reflect.Method.invoke(Method.java:498)
	at org.apache.maven.surefire.util.ReflectionUtils.invokeMethodWithArray(ReflectionUtils.java:189)
	at org.apache.maven.surefire.booter.ProviderFactory$ProviderProxy.invoke(ProviderFactory.java:165)
	at org.apache.maven.surefire.booter.ProviderFactory.invokeProvider(ProviderFactory.java:85)
	at org.apache.maven.surefire.booter.ForkedBooter.runSuitesInProcess(ForkedBooter.java:115)
	at org.apache.maven.surefire.booter.ForkedBooter.main(ForkedBooter.java:75)
2021-08-30 20:39:46,921 DEBUG [DefaultNamespaceHandlerResolver.java:128] : Ignoring namespace handler [org.springframework.transaction.config.TxNamespaceHandler]: handler class not found
java.lang.ClassNotFoundException: org.springframework.transaction.config.TxNamespaceHandler
	at java.net.URLClassLoader.findClass(URLClassLoader.java:381)
	at java.lang.ClassLoader.loadClass(ClassLoader.java:424)
	at sun.misc.Launcher$AppClassLoader.loadClass(Launcher.java:335)
	at java.lang.ClassLoader.loadClass(ClassLoader.java:357)
	at org.springframework.util.ClassUtils.forName(ClassUtils.java:201)
	at org.springframework.beans.factory.xml.DefaultNamespaceHandlerResolver.initHandlerMappings(DefaultNamespaceHandlerResolver.java:117)
	at org.springframework.beans.factory.xml.DefaultNamespaceHandlerResolver.&lt;init&gt;(DefaultNamespaceHandlerResolver.java:96)
	at org.springframework.beans.factory.xml.DefaultNamespaceHandlerResolver.&lt;init&gt;(DefaultNamespaceHandlerResolver.java:82)
	at org.springframework.beans.factory.xml.XmlBeanDefinitionReader.createDefaultNamespaceHandlerResolver(XmlBeanDefinitionReader.java:488)
	at org.springframework.beans.factory.xml.XmlBeanDefinitionReader.createReaderContext(XmlBeanDefinitionReader.java:477)
	at org.springframework.beans.factory.xml.XmlBeanDefinitionReader.registerBeanDefinitions(XmlBeanDefinitionReader.java:458)
	at org.springframework.beans.factory.xml.XmlBeanDefinitionReader.doLoadBeanDefinitions(XmlBeanDefinitionReader.java:353)
	at org.springframework.beans.factory.xml.XmlBeanDefinitionReader.loadBeanDefinitions(XmlBeanDefinitionReader.java:303)
	at org.springframework.beans.factory.xml.XmlBeanDefinitionReader.loadBeanDefinitions(XmlBeanDefinitionReader.java:280)
	at org.springframework.beans.factory.support.AbstractBeanDefinitionReader.loadBeanDefinitions(AbstractBeanDefinitionReader.java:131)
	at org.springframework.beans.factory.support.AbstractBeanDefinitionReader.loadBeanDefinitions(AbstractBeanDefinitionReader.java:147)
	at org.springframework.beans.factory.support.AbstractBeanDefinitionReader.loadBeanDefinitions(AbstractBeanDefinitionReader.java:173)
	at org.springframework.context.support.AbstractXmlApplicationContext.loadBeanDefinitions(AbstractXmlApplicationContext.java:112)
	at org.springframework.context.support.AbstractXmlApplicationContext.loadBeanDefinitions(AbstractXmlApplicationContext.java:79)
	at org.springframework.context.support.AbstractRefreshableApplicationContext.refreshBeanFactory(AbstractRefreshableApplicationContext.java:101)
	at org.springframework.context.support.AbstractApplicationContext.obtainFreshBeanFactory(AbstractApplicationContext.java:389)
	at org.springframework.context.support.AbstractApplicationContext.refresh(AbstractApplicationContext.java:324)
	at org.springframework.context.support.ClassPathXmlApplicationContext.&lt;init&gt;(ClassPathXmlApplicationContext.java:91)
	at org.springframework.context.support.ClassPathXmlApplicationContext.&lt;init&gt;(ClassPathXmlApplicationContext.java:75)
	at com.jadson.dev.tarefas.repository.ProjectRepositoryTest.prepare(ProjectRepositoryTest.java:30)
	at sun.reflect.NativeMethodAccessorImpl.invoke0(Native Method)
	at sun.reflect.NativeMethodAccessorImpl.invoke(NativeMethodAccessorImpl.java:62)
	at sun.reflect.DelegatingMethodAccessorImpl.invoke(DelegatingMethodAccessorImpl.java:43)
	at java.lang.reflect.Method.invoke(Method.java:498)
	at org.junit.internal.runners.BeforeAndAfterRunner.invokeMethod(BeforeAndAfterRunner.java:74)
	at org.junit.internal.runners.BeforeAndAfterRunner.runBefores(BeforeAndAfterRunner.java:50)
	at org.junit.internal.runners.BeforeAndAfterRunner.runProtected(BeforeAndAfterRunner.java:33)
	at org.junit.internal.runners.TestClassRunner.run(TestClassRunner.java:52)
	at org.apache.maven.surefire.junit4.JUnit4Provider.execute(JUnit4Provider.java:252)
	at org.apache.maven.surefire.junit4.JUnit4Provider.executeTestSet(JUnit4Provider.java:141)
	at org.apache.maven.surefire.junit4.JUnit4Provider.invoke(JUnit4Provider.java:112)
	at sun.reflect.NativeMethodAccessorImpl.invoke0(Native Method)
	at sun.reflect.NativeMethodAccessorImpl.invoke(NativeMethodAccessorImpl.java:62)
	at sun.reflect.DelegatingMethodAccessorImpl.invoke(DelegatingMethodAccessorImpl.java:43)
	at java.lang.reflect.Method.invoke(Method.java:498)
	at org.apache.maven.surefire.util.ReflectionUtils.invokeMethodWithArray(ReflectionUtils.java:189)
	at org.apache.maven.surefire.booter.ProviderFactory$ProviderProxy.invoke(ProviderFactory.java:165)
	at org.apache.maven.surefire.booter.ProviderFactory.invokeProvider(ProviderFactory.java:85)
	at org.apache.maven.surefire.booter.ForkedBooter.runSuitesInProcess(ForkedBooter.java:115)
	at org.apache.maven.surefire.booter.ForkedBooter.main(ForkedBooter.java:75)
2021-08-30 20:39:46,922 DEBUG [DefaultBeanDefinitionDocumentReader.java:84] : Loading bean definitions
2021-08-30 20:39:46,934 DEBUG [BeanDefinitionParserDelegate.java:332] : No XML &apos;id&apos; specified - using &apos;GenericJPADAO&apos; as bean name and [] as aliases
2021-08-30 20:39:46,935 DEBUG [BeanDefinitionParserDelegate.java:332] : No XML &apos;id&apos; specified - using &apos;GenericJPADAO&apos; as bean name and [] as aliases
2021-08-30 20:39:46,936 DEBUG [BeanDefinitionParserDelegate.java:332] : No XML &apos;id&apos; specified - using &apos;GenericJPADAO&apos; as bean name and [] as aliases
2021-08-30 20:39:46,936 DEBUG [BeanDefinitionParserDelegate.java:332] : No XML &apos;id&apos; specified - using &apos;GenericJPADAO&apos; as bean name and [] as aliases
2021-08-30 20:39:46,936 DEBUG [BeanDefinitionParserDelegate.java:332] : No XML &apos;id&apos; specified - using &apos;GenericJPADAO&apos; as bean name and [] as aliases
2021-08-30 20:39:46,936 DEBUG [AbstractBeanDefinitionReader.java:149] : Loaded 4 bean definitions from location pattern [applicationContext.xml]
2021-08-30 20:39:46,937 INFO  [XmlBeanDefinitionReader.java:293] : Loading XML bean definitions from class path resource [testDomainContext.xml]
2021-08-30 20:39:46,937 DEBUG [DefaultDocumentLoader.java:73] : Using JAXP provider [com.sun.org.apache.xerces.internal.jaxp.DocumentBuilderFactoryImpl]
2021-08-30 20:39:46,938 DEBUG [BeansDtdResolver.java:72] : Found beans DTD [http://www.springframework.org/dtd/spring-beans.dtd] in classpath: spring-beans.dtd
2021-08-30 20:39:46,944 DEBUG [DefaultBeanDefinitionDocumentReader.java:84] : Loading bean definitions
2021-08-30 20:39:46,945 DEBUG [AbstractBeanDefinitionReader.java:149] : Loaded 6 bean definitions from location pattern [testDomainContext.xml]
2021-08-30 20:39:46,945 INFO  [AbstractApplicationContext.java:393] : Bean factory for application context [org.springframework.context.support.ClassPathXmlApplicationContext@57459491]: org.springframework.beans.factory.support.DefaultListableBeanFactory@29e6eb25
2021-08-30 20:39:46,946 DEBUG [AbstractApplicationContext.java:397] : 10 beans defined in org.springframework.context.support.ClassPathXmlApplicationContext@57459491: display name [org.springframework.context.support.ClassPathXmlApplicationContext@57459491]; startup date [Mon Aug 30 20:39:46 BRT 2021]; root of context hierarchy
2021-08-30 20:39:46,950 DEBUG [DefaultListableBeanFactory.java:188] : Ignoring bean class loading failure for bean &apos;user&apos;
org.springframework.beans.factory.CannotLoadBeanClassException: Cannot find class [com.jadson.dev.tarefas.actions.UserAction] for bean with name &apos;user&apos; defined in class path resource [applicationContext.xml]; nested exception is java.lang.ClassNotFoundException: com.jadson.dev.tarefas.actions.UserAction
Caused by: 
java.lang.ClassNotFoundException: com.jadson.dev.tarefas.actions.UserAction
	at java.net.URLClassLoader.findClass(URLClassLoader.java:381)
	at java.lang.ClassLoader.loadClass(ClassLoader.java:424)
	at sun.misc.Launcher$AppClassLoader.loadClass(Launcher.java:335)
	at java.lang.ClassLoader.loadClass(ClassLoader.java:357)
	at org.springframework.util.ClassUtils.forName(ClassUtils.java:201)
	at org.springframework.beans.factory.support.AbstractBeanDefinition.resolveBeanClass(AbstractBeanDefinition.java:327)
	at org.springframework.beans.factory.support.AbstractBeanFactory.resolveBeanClass(AbstractBeanFactory.java:1066)
	at org.springframework.beans.factory.support.AbstractBeanFactory.isBeanClassMatch(AbstractBeanFactory.java:1094)
	at org.springframework.beans.factory.support.DefaultListableBeanFactory.getBeanNamesForType(DefaultListableBeanFactory.java:172)
	at org.springframework.context.support.AbstractApplicationContext.invokeBeanFactoryPostProcessors(AbstractApplicationContext.java:447)
	at org.springframework.context.support.AbstractApplicationContext.refresh(AbstractApplicationContext.java:334)
	at org.springframework.context.support.ClassPathXmlApplicationContext.&lt;init&gt;(ClassPathXmlApplicationContext.java:91)
	at org.springframework.context.support.ClassPathXmlApplicationContext.&lt;init&gt;(ClassPathXmlApplicationContext.java:75)
	at com.jadson.dev.tarefas.repository.ProjectRepositoryTest.prepare(ProjectRepositoryTest.java:30)
	at sun.reflect.NativeMethodAccessorImpl.invoke0(Native Method)
	at sun.reflect.NativeMethodAccessorImpl.invoke(NativeMethodAccessorImpl.java:62)
	at sun.reflect.DelegatingMethodAccessorImpl.invoke(DelegatingMethodAccessorImpl.java:43)
	at java.lang.reflect.Method.invoke(Method.java:498)
	at org.junit.internal.runners.BeforeAndAfterRunner.invokeMethod(BeforeAndAfterRunner.java:74)
	at org.junit.internal.runners.BeforeAndAfterRunner.runBefores(BeforeAndAfterRunner.java:50)
	at org.junit.internal.runners.BeforeAndAfterRunner.runProtected(BeforeAndAfterRunner.java:33)
	at org.junit.internal.runners.TestClassRunner.run(TestClassRunner.java:52)
	at org.apache.maven.surefire.junit4.JUnit4Provider.execute(JUnit4Provider.java:252)
	at org.apache.maven.surefire.junit4.JUnit4Provider.executeTestSet(JUnit4Provider.java:141)
	at org.apache.maven.surefire.junit4.JUnit4Provider.invoke(JUnit4Provider.java:112)
	at sun.reflect.NativeMethodAccessorImpl.invoke0(Native Method)
	at sun.reflect.NativeMethodAccessorImpl.invoke(NativeMethodAccessorImpl.java:62)
	at sun.reflect.DelegatingMethodAccessorImpl.invoke(DelegatingMethodAccessorImpl.java:43)
	at java.lang.reflect.Method.invoke(Method.java:498)
	at org.apache.maven.surefire.util.ReflectionUtils.invokeMethodWithArray(ReflectionUtils.java:189)
	at org.apache.maven.surefire.booter.ProviderFactory$ProviderProxy.invoke(ProviderFactory.java:165)
	at org.apache.maven.surefire.booter.ProviderFactory.invokeProvider(ProviderFactory.java:85)
	at org.apache.maven.surefire.booter.ForkedBooter.runSuitesInProcess(ForkedBooter.java:115)
	at org.apache.maven.surefire.booter.ForkedBooter.main(ForkedBooter.java:75)
2021-08-30 20:39:46,953 DEBUG [DefaultListableBeanFactory.java:188] : Ignoring bean class loading failure for bean &apos;user&apos;
org.springframework.beans.factory.CannotLoadBeanClassException: Cannot find class [com.jadson.dev.tarefas.actions.UserAction] for bean with name &apos;user&apos; defined in class path resource [applicationContext.xml]; nested exception is java.lang.ClassNotFoundException: com.jadson.dev.tarefas.actions.UserAction
Caused by: 
java.lang.ClassNotFoundException: com.jadson.dev.tarefas.actions.UserAction
	at java.net.URLClassLoader.findClass(URLClassLoader.java:381)
	at java.lang.ClassLoader.loadClass(ClassLoader.java:424)
	at sun.misc.Launcher$AppClassLoader.loadClass(Launcher.java:335)
	at java.lang.ClassLoader.loadClass(ClassLoader.java:357)
	at org.springframework.util.ClassUtils.forName(ClassUtils.java:201)
	at org.springframework.beans.factory.support.AbstractBeanDefinition.resolveBeanClass(AbstractBeanDefinition.java:327)
	at org.springframework.beans.factory.support.AbstractBeanFactory.resolveBeanClass(AbstractBeanFactory.java:1066)
	at org.springframework.beans.factory.support.AbstractBeanFactory.isBeanClassMatch(AbstractBeanFactory.java:1094)
	at org.springframework.beans.factory.support.DefaultListableBeanFactory.getBeanNamesForType(DefaultListableBeanFactory.java:172)
	at org.springframework.context.support.AbstractApplicationContext.registerBeanPostProcessors(AbstractApplicationContext.java:482)
	at org.springframework.context.support.AbstractApplicationContext.refresh(AbstractApplicationContext.java:337)
	at org.springframework.context.support.ClassPathXmlApplicationContext.&lt;init&gt;(ClassPathXmlApplicationContext.java:91)
	at org.springframework.context.support.ClassPathXmlApplicationContext.&lt;init&gt;(ClassPathXmlApplicationContext.java:75)
	at com.jadson.dev.tarefas.repository.ProjectRepositoryTest.prepare(ProjectRepositoryTest.java:30)
	at sun.reflect.NativeMethodAccessorImpl.invoke0(Native Method)
	at sun.reflect.NativeMethodAccessorImpl.invoke(NativeMethodAccessorImpl.java:62)
	at sun.reflect.DelegatingMethodAccessorImpl.invoke(DelegatingMethodAccessorImpl.java:43)
	at java.lang.reflect.Method.invoke(Method.java:498)
	at org.junit.internal.runners.BeforeAndAfterRunner.invokeMethod(BeforeAndAfterRunner.java:74)
	at org.junit.internal.runners.BeforeAndAfterRunner.runBefores(BeforeAndAfterRunner.java:50)
	at org.junit.internal.runners.BeforeAndAfterRunner.runProtected(BeforeAndAfterRunner.java:33)
	at org.junit.internal.runners.TestClassRunner.run(TestClassRunner.java:52)
	at org.apache.maven.surefire.junit4.JUnit4Provider.execute(JUnit4Provider.java:252)
	at org.apache.maven.surefire.junit4.JUnit4Provider.executeTestSet(JUnit4Provider.java:141)
	at org.apache.maven.surefire.junit4.JUnit4Provider.invoke(JUnit4Provider.java:112)
	at sun.reflect.NativeMethodAccessorImpl.invoke0(Native Method)
	at sun.reflect.NativeMethodAccessorImpl.invoke(NativeMethodAccessorImpl.java:62)
	at sun.reflect.DelegatingMethodAccessorImpl.invoke(DelegatingMethodAccessorImpl.java:43)
	at java.lang.reflect.Method.invoke(Method.java:498)
	at org.apache.maven.surefire.util.ReflectionUtils.invokeMethodWithArray(ReflectionUtils.java:189)
	at org.apache.maven.surefire.booter.ProviderFactory$ProviderProxy.invoke(ProviderFactory.java:165)
	at org.apache.maven.surefire.booter.ProviderFactory.invokeProvider(ProviderFactory.java:85)
	at org.apache.maven.surefire.booter.ForkedBooter.runSuitesInProcess(ForkedBooter.java:115)
	at org.apache.maven.surefire.booter.ForkedBooter.main(ForkedBooter.java:75)
2021-08-30 20:39:46,954 DEBUG [AbstractApplicationContext.java:541] : Unable to locate MessageSource with name &apos;messageSource&apos;: using default [org.springframework.context.support.DelegatingMessageSource@20b5f2ac]
2021-08-30 20:39:46,956 DEBUG [AbstractApplicationContext.java:563] : Unable to locate ApplicationEventMulticaster with name &apos;applicationEventMulticaster&apos;: using default [org.springframework.context.event.SimpleApplicationEventMulticaster@55e8ec2f]
2021-08-30 20:39:46,956 DEBUG [DefaultListableBeanFactory.java:188] : Ignoring bean class loading failure for bean &apos;user&apos;
org.springframework.beans.factory.CannotLoadBeanClassException: Cannot find class [com.jadson.dev.tarefas.actions.UserAction] for bean with name &apos;user&apos; defined in class path resource [applicationContext.xml]; nested exception is java.lang.ClassNotFoundException: com.jadson.dev.tarefas.actions.UserAction
Caused by: 
java.lang.ClassNotFoundException: com.jadson.dev.tarefas.actions.UserAction
	at java.net.URLClassLoader.findClass(URLClassLoader.java:381)
	at java.lang.ClassLoader.loadClass(ClassLoader.java:424)
	at sun.misc.Launcher$AppClassLoader.loadClass(Launcher.java:335)
	at java.lang.ClassLoader.loadClass(ClassLoader.java:357)
	at org.springframework.util.ClassUtils.forName(ClassUtils.java:201)
	at org.springframework.beans.factory.support.AbstractBeanDefinition.resolveBeanClass(AbstractBeanDefinition.java:327)
	at org.springframework.beans.factory.support.AbstractBeanFactory.resolveBeanClass(AbstractBeanFactory.java:1066)
	at org.springframework.beans.factory.support.AbstractBeanFactory.isBeanClassMatch(AbstractBeanFactory.java:1094)
	at org.springframework.beans.factory.support.DefaultListableBeanFactory.getBeanNamesForType(DefaultListableBeanFactory.java:172)
	at org.springframework.beans.factory.support.DefaultListableBeanFactory.getBeansOfType(DefaultListableBeanFactory.java:242)
	at org.springframework.context.support.AbstractApplicationContext.getBeansOfType(AbstractApplicationContext.java:796)
	at org.springframework.context.support.AbstractApplicationContext.registerListeners(AbstractApplicationContext.java:592)
	at org.springframework.context.support.AbstractApplicationContext.refresh(AbstractApplicationContext.java:349)
	at org.springframework.context.support.ClassPathXmlApplicationContext.&lt;init&gt;(ClassPathXmlApplicationContext.java:91)
	at org.springframework.context.support.ClassPathXmlApplicationContext.&lt;init&gt;(ClassPathXmlApplicationContext.java:75)
	at com.jadson.dev.tarefas.repository.ProjectRepositoryTest.prepare(ProjectRepositoryTest.java:30)
	at sun.reflect.NativeMethodAccessorImpl.invoke0(Native Method)
	at sun.reflect.NativeMethodAccessorImpl.invoke(NativeMethodAccessorImpl.java:62)
	at sun.reflect.DelegatingMethodAccessorImpl.invoke(DelegatingMethodAccessorImpl.java:43)
	at java.lang.reflect.Method.invoke(Method.java:498)
	at org.junit.internal.runners.BeforeAndAfterRunner.invokeMethod(BeforeAndAfterRunner.java:74)
	at org.junit.internal.runners.BeforeAndAfterRunner.runBefores(BeforeAndAfterRunner.java:50)
	at org.junit.internal.runners.BeforeAndAfterRunner.runProtected(BeforeAndAfterRunner.java:33)
	at org.junit.internal.runners.TestClassRunner.run(TestClassRunner.java:52)
	at org.apache.maven.surefire.junit4.JUnit4Provider.execute(JUnit4Provider.java:252)
	at org.apache.maven.surefire.junit4.JUnit4Provider.executeTestSet(JUnit4Provider.java:141)
	at org.apache.maven.surefire.junit4.JUnit4Provider.invoke(JUnit4Provider.java:112)
	at sun.reflect.NativeMethodAccessorImpl.invoke0(Native Method)
	at sun.reflect.NativeMethodAccessorImpl.invoke(NativeMethodAccessorImpl.java:62)
	at sun.reflect.DelegatingMethodAccessorImpl.invoke(DelegatingMethodAccessorImpl.java:43)
	at java.lang.reflect.Method.invoke(Method.java:498)
	at org.apache.maven.surefire.util.ReflectionUtils.invokeMethodWithArray(ReflectionUtils.java:189)
	at org.apache.maven.surefire.booter.ProviderFactory$ProviderProxy.invoke(ProviderFactory.java:165)
	at org.apache.maven.surefire.booter.ProviderFactory.invokeProvider(ProviderFactory.java:85)
	at org.apache.maven.surefire.booter.ForkedBooter.runSuitesInProcess(ForkedBooter.java:115)
	at org.apache.maven.surefire.booter.ForkedBooter.main(ForkedBooter.java:75)
2021-08-30 20:39:46,957 INFO  [DefaultListableBeanFactory.java:275] : Pre-instantiating singletons in org.springframework.beans.factory.support.DefaultListableBeanFactory@29e6eb25: defining beans [project,user,userRepository,projectRepository,projectExample,iterationExample,itemExample,taskExample,userExample,addressExample]; root of factory hierarchy
2021-08-30 20:39:46,958 DEBUG [DefaultSingletonBeanRegistry.java:152] : Creating shared instance of singleton bean &apos;userRepository&apos;
2021-08-30 20:39:46,958 DEBUG [AbstractAutowireCapableBeanFactory.java:345] : Creating instance of bean &apos;userRepository&apos; with merged definition [Root bean: class [com.jadson.dev.tarefas.infrastructure.UserDecorator]; scope=singleton; abstract=false; lazyInit=false; autowireCandidate=true; autowireMode=0; dependencyCheck=0; factoryBeanName=null; factoryMethodName=null; initMethodName=null; destroyMethodName=null; defined in class path resource [applicationContext.xml]]
2021-08-30 20:39:46,969 DEBUG [AbstractAutowireCapableBeanFactory.java:396] : Eagerly caching bean &apos;userRepository&apos; to allow for resolving potential circular references
2021-08-30 20:39:46,971 DEBUG [AbstractAutowireCapableBeanFactory.java:345] : Creating instance of bean &apos;GenericJPADAO&apos; with merged definition [Root bean: class [com.jadson.dev.tarefas.infrastructure.daos.GenericJPADAO]; scope=singleton; abstract=false; lazyInit=false; autowireCandidate=true; autowireMode=0; dependencyCheck=0; factoryBeanName=null; factoryMethodName=null; initMethodName=null; destroyMethodName=null; defined in class path resource [applicationContext.xml]]
2021-08-30 20:39:46,971 INFO  [DefaultSingletonBeanRegistry.java:285] : Destroying singletons in org.springframework.beans.factory.support.DefaultListableBeanFactory@29e6eb25: defining beans [project,user,userRepository,projectRepository,projectExample,iterationExample,itemExample,taskExample,userExample,addressExample]; root of factory hierarchy
</system-out>
    <system-err>Loading class `com.mysql.jdbc.Driver&apos;. This is deprecated. The new driver class is `com.mysql.cj.jdbc.Driver&apos;. The driver is automatically registered via the SPI and manual loading of the driver class is generally unnecessary.
</system-err>
  </testcase>
</testsuite>